{"C:\\Users\\Anna\\OneDrive\\Desktop\\E-COMMERCE\\aurora\\Frontend\\src\\App.js": {"path":"C:\\Users\\Anna\\OneDrive\\Desktop\\E-COMMERCE\\aurora\\Frontend\\src\\App.js","statementMap":{"0":{"start":{"line":28,"column":2},"end":{"line":64,"column":4}}},"fnMap":{"0":{"name":"App","decl":{"start":{"line":27,"column":9},"end":{"line":27,"column":12}},"loc":{"start":{"line":27,"column":15},"end":{"line":65,"column":1}},"line":27}},"branchMap":{},"s":{"0":0},"f":{"0":0},"b":{}}
,"C:\\Users\\Anna\\OneDrive\\Desktop\\E-COMMERCE\\aurora\\Frontend\\src\\index.js": {"path":"C:\\Users\\Anna\\OneDrive\\Desktop\\E-COMMERCE\\aurora\\Frontend\\src\\index.js","statementMap":{"0":{"start":{"line":8,"column":13},"end":{"line":8,"column":65}},"1":{"start":{"line":9,"column":0},"end":{"line":13,"column":2}},"2":{"start":{"line":15,"column":0},"end":{"line":15,"column":18}}},"fnMap":{},"branchMap":{},"s":{"0":0,"1":0,"2":0},"f":{},"b":{}}
,"C:\\Users\\Anna\\OneDrive\\Desktop\\E-COMMERCE\\aurora\\Frontend\\src\\reportWebVitals.js": {"path":"C:\\Users\\Anna\\OneDrive\\Desktop\\E-COMMERCE\\aurora\\Frontend\\src\\reportWebVitals.js","statementMap":{"0":{"start":{"line":1,"column":24},"end":{"line":11,"column":1}},"1":{"start":{"line":2,"column":2},"end":{"line":10,"column":3}},"2":{"start":{"line":3,"column":4},"end":{"line":9,"column":7}},"3":{"start":{"line":4,"column":6},"end":{"line":4,"column":26}},"4":{"start":{"line":5,"column":6},"end":{"line":5,"column":26}},"5":{"start":{"line":6,"column":6},"end":{"line":6,"column":26}},"6":{"start":{"line":7,"column":6},"end":{"line":7,"column":26}},"7":{"start":{"line":8,"column":6},"end":{"line":8,"column":27}}},"fnMap":{"0":{"name":"(anonymous_0)","decl":{"start":{"line":1,"column":24},"end":{"line":1,"column":25}},"loc":{"start":{"line":1,"column":39},"end":{"line":11,"column":1}},"line":1},"1":{"name":"(anonymous_1)","decl":{"start":{"line":3,"column":30},"end":{"line":3,"column":31}},"loc":{"start":{"line":3,"column":79},"end":{"line":9,"column":5}},"line":3}},"branchMap":{"0":{"loc":{"start":{"line":2,"column":2},"end":{"line":10,"column":3}},"type":"if","locations":[{"start":{"line":2,"column":2},"end":{"line":10,"column":3}},{"start":{},"end":{}}],"line":2},"1":{"loc":{"start":{"line":2,"column":6},"end":{"line":2,"column":52}},"type":"binary-expr","locations":[{"start":{"line":2,"column":6},"end":{"line":2,"column":17}},{"start":{"line":2,"column":21},"end":{"line":2,"column":52}}],"line":2}},"s":{"0":0,"1":0,"2":0,"3":0,"4":0,"5":0,"6":0,"7":0},"f":{"0":0,"1":0},"b":{"0":[0,0],"1":[0,0]}}
,"C:\\Users\\Anna\\OneDrive\\Desktop\\E-COMMERCE\\aurora\\Frontend\\src\\setupTests.js": {"path":"C:\\Users\\Anna\\OneDrive\\Desktop\\E-COMMERCE\\aurora\\Frontend\\src\\setupTests.js","statementMap":{},"fnMap":{},"branchMap":{},"s":{},"f":{},"b":{}}
,"C:\\Users\\Anna\\OneDrive\\Desktop\\E-COMMERCE\\aurora\\Frontend\\src\\assets\\assets.jsx": {"path":"C:\\Users\\Anna\\OneDrive\\Desktop\\E-COMMERCE\\aurora\\Frontend\\src\\assets\\assets.jsx","statementMap":{},"fnMap":{},"branchMap":{},"s":{},"f":{},"b":{}}
,"C:\\Users\\Anna\\OneDrive\\Desktop\\E-COMMERCE\\aurora\\Frontend\\src\\components\\about\\about.jsx": {"path":"C:\\Users\\Anna\\OneDrive\\Desktop\\E-COMMERCE\\aurora\\Frontend\\src\\components\\about\\about.jsx","statementMap":{"0":{"start":{"line":11,"column":15},"end":{"line":42,"column":1}},"1":{"start":{"line":44,"column":16},"end":{"line":67,"column":1}},"2":{"start":{"line":69,"column":14},"end":{"line":226,"column":1}},"3":{"start":{"line":70,"column":28},"end":{"line":70,"column":39}},"4":{"start":{"line":71,"column":23},"end":{"line":73,"column":3}},"5":{"start":{"line":75,"column":27},"end":{"line":75,"column":31}},"6":{"start":{"line":76,"column":2},"end":{"line":81,"column":14}},"7":{"start":{"line":77,"column":21},"end":{"line":79,"column":24}},"8":{"start":{"line":78,"column":6},"end":{"line":78,"column":44}},"9":{"start":{"line":80,"column":4},"end":{"line":80,"column":41}},"10":{"start":{"line":80,"column":17},"end":{"line":80,"column":40}},"11":{"start":{"line":83,"column":2},"end":{"line":225,"column":4}},"12":{"start":{"line":88,"column":12},"end":{"line":97,"column":18}},"13":{"start":{"line":108,"column":12},"end":{"line":120,"column":18}}},"fnMap":{"0":{"name":"(anonymous_0)","decl":{"start":{"line":69,"column":14},"end":{"line":69,"column":15}},"loc":{"start":{"line":69,"column":20},"end":{"line":226,"column":1}},"line":69},"1":{"name":"(anonymous_1)","decl":{"start":{"line":76,"column":12},"end":{"line":76,"column":13}},"loc":{"start":{"line":76,"column":18},"end":{"line":81,"column":3}},"line":76},"2":{"name":"(anonymous_2)","decl":{"start":{"line":77,"column":33},"end":{"line":77,"column":34}},"loc":{"start":{"line":77,"column":39},"end":{"line":79,"column":5}},"line":77},"3":{"name":"(anonymous_3)","decl":{"start":{"line":80,"column":11},"end":{"line":80,"column":12}},"loc":{"start":{"line":80,"column":17},"end":{"line":80,"column":40}},"line":80},"4":{"name":"(anonymous_4)","decl":{"start":{"line":87,"column":22},"end":{"line":87,"column":23}},"loc":{"start":{"line":88,"column":12},"end":{"line":97,"column":18}},"line":88},"5":{"name":"(anonymous_5)","decl":{"start":{"line":107,"column":23},"end":{"line":107,"column":24}},"loc":{"start":{"line":108,"column":12},"end":{"line":120,"column":18}},"line":108}},"branchMap":{},"s":{"0":0,"1":0,"2":0,"3":0,"4":0,"5":0,"6":0,"7":0,"8":0,"9":0,"10":0,"11":0,"12":0,"13":0},"f":{"0":0,"1":0,"2":0,"3":0,"4":0,"5":0},"b":{}}
,"C:\\Users\\Anna\\OneDrive\\Desktop\\E-COMMERCE\\aurora\\Frontend\\src\\components\\blog\\blog.jsx": {"path":"C:\\Users\\Anna\\OneDrive\\Desktop\\E-COMMERCE\\aurora\\Frontend\\src\\components\\blog\\blog.jsx","statementMap":{"0":{"start":{"line":6,"column":13},"end":{"line":303,"column":1}},"1":{"start":{"line":7,"column":45},"end":{"line":7,"column":60}},"2":{"start":{"line":8,"column":43},"end":{"line":8,"column":58}},"3":{"start":{"line":9,"column":28},"end":{"line":9,"column":40}},"4":{"start":{"line":11,"column":26},"end":{"line":11,"column":39}},"5":{"start":{"line":12,"column":30},"end":{"line":12,"column":43}},"6":{"start":{"line":13,"column":30},"end":{"line":13,"column":43}},"7":{"start":{"line":14,"column":46},"end":{"line":14,"column":59}},"8":{"start":{"line":15,"column":26},"end":{"line":15,"column":39}},"9":{"start":{"line":16,"column":24},"end":{"line":16,"column":37}},"10":{"start":{"line":17,"column":32},"end":{"line":17,"column":45}},"11":{"start":{"line":19,"column":28},"end":{"line":19,"column":40}},"12":{"start":{"line":20,"column":40},"end":{"line":20,"column":52}},"13":{"start":{"line":21,"column":28},"end":{"line":21,"column":40}},"14":{"start":{"line":22,"column":30},"end":{"line":22,"column":49}},"15":{"start":{"line":23,"column":32},"end":{"line":23,"column":44}},"16":{"start":{"line":24,"column":38},"end":{"line":24,"column":53}},"17":{"start":{"line":26,"column":2},"end":{"line":43,"column":9}},"18":{"start":{"line":27,"column":17},"end":{"line":27,"column":57}},"19":{"start":{"line":29,"column":4},"end":{"line":33,"column":5}},"20":{"start":{"line":30,"column":6},"end":{"line":30,"column":31}},"21":{"start":{"line":31,"column":6},"end":{"line":31,"column":63}},"22":{"start":{"line":32,"column":6},"end":{"line":32,"column":61}},"23":{"start":{"line":35,"column":4},"end":{"line":42,"column":9}},"24":{"start":{"line":38,"column":8},"end":{"line":38,"column":41}},"25":{"start":{"line":41,"column":8},"end":{"line":41,"column":27}},"26":{"start":{"line":45,"column":2},"end":{"line":54,"column":9}},"27":{"start":{"line":46,"column":4},"end":{"line":53,"column":9}},"28":{"start":{"line":49,"column":8},"end":{"line":49,"column":37}},"29":{"start":{"line":52,"column":8},"end":{"line":52,"column":27}},"30":{"start":{"line":57,"column":2},"end":{"line":66,"column":9}},"31":{"start":{"line":58,"column":4},"end":{"line":65,"column":9}},"32":{"start":{"line":61,"column":8},"end":{"line":61,"column":39}},"33":{"start":{"line":64,"column":8},"end":{"line":64,"column":27}},"34":{"start":{"line":69,"column":2},"end":{"line":78,"column":9}},"35":{"start":{"line":70,"column":4},"end":{"line":77,"column":9}},"36":{"start":{"line":73,"column":8},"end":{"line":73,"column":39}},"37":{"start":{"line":76,"column":8},"end":{"line":76,"column":27}},"38":{"start":{"line":81,"column":2},"end":{"line":90,"column":9}},"39":{"start":{"line":82,"column":4},"end":{"line":89,"column":9}},"40":{"start":{"line":85,"column":8},"end":{"line":85,"column":47}},"41":{"start":{"line":88,"column":8},"end":{"line":88,"column":27}},"42":{"start":{"line":92,"column":2},"end":{"line":101,"column":9}},"43":{"start":{"line":93,"column":4},"end":{"line":100,"column":9}},"44":{"start":{"line":96,"column":8},"end":{"line":96,"column":37}},"45":{"start":{"line":99,"column":8},"end":{"line":99,"column":27}},"46":{"start":{"line":103,"column":2},"end":{"line":112,"column":9}},"47":{"start":{"line":104,"column":4},"end":{"line":111,"column":9}},"48":{"start":{"line":107,"column":8},"end":{"line":107,"column":36}},"49":{"start":{"line":110,"column":8},"end":{"line":110,"column":27}},"50":{"start":{"line":114,"column":2},"end":{"line":123,"column":9}},"51":{"start":{"line":115,"column":4},"end":{"line":122,"column":9}},"52":{"start":{"line":118,"column":8},"end":{"line":118,"column":40}},"53":{"start":{"line":121,"column":8},"end":{"line":121,"column":27}},"54":{"start":{"line":127,"column":4},"end":{"line":142,"column":9}},"55":{"start":{"line":136,"column":8},"end":{"line":136,"column":49}},"56":{"start":{"line":137,"column":8},"end":{"line":137,"column":24}},"57":{"start":{"line":140,"column":8},"end":{"line":140,"column":52}},"58":{"start":{"line":141,"column":8},"end":{"line":141,"column":20}},"59":{"start":{"line":146,"column":21},"end":{"line":146,"column":35}},"60":{"start":{"line":147,"column":4},"end":{"line":147,"column":23}},"61":{"start":{"line":151,"column":27},"end":{"line":151,"column":41}},"62":{"start":{"line":152,"column":22},"end":{"line":152,"column":56}},"63":{"start":{"line":153,"column":4},"end":{"line":155,"column":5}},"64":{"start":{"line":154,"column":6},"end":{"line":154,"column":37}},"65":{"start":{"line":159,"column":21},"end":{"line":159,"column":35}},"66":{"start":{"line":160,"column":4},"end":{"line":160,"column":23}},"67":{"start":{"line":163,"column":21},"end":{"line":183,"column":3}},"68":{"start":{"line":164,"column":4},"end":{"line":164,"column":23}},"69":{"start":{"line":165,"column":4},"end":{"line":165,"column":19}},"70":{"start":{"line":166,"column":4},"end":{"line":166,"column":25}},"71":{"start":{"line":168,"column":4},"end":{"line":182,"column":9}},"72":{"start":{"line":171,"column":8},"end":{"line":171,"column":42}},"73":{"start":{"line":172,"column":8},"end":{"line":172,"column":28}},"74":{"start":{"line":176,"column":8},"end":{"line":180,"column":9}},"75":{"start":{"line":177,"column":10},"end":{"line":177,"column":50}},"76":{"start":{"line":179,"column":10},"end":{"line":179,"column":39}},"77":{"start":{"line":181,"column":8},"end":{"line":181,"column":29}},"78":{"start":{"line":185,"column":2},"end":{"line":302,"column":4}},"79":{"start":{"line":253,"column":41},"end":{"line":253,"column":65}},"80":{"start":{"line":289,"column":10},"end":{"line":298,"column":16}}},"fnMap":{"0":{"name":"(anonymous_0)","decl":{"start":{"line":6,"column":13},"end":{"line":6,"column":14}},"loc":{"start":{"line":6,"column":19},"end":{"line":303,"column":1}},"line":6},"1":{"name":"(anonymous_1)","decl":{"start":{"line":26,"column":12},"end":{"line":26,"column":13}},"loc":{"start":{"line":26,"column":18},"end":{"line":43,"column":3}},"line":26},"2":{"name":"(anonymous_2)","decl":{"start":{"line":37,"column":12},"end":{"line":37,"column":13}},"loc":{"start":{"line":37,"column":26},"end":{"line":39,"column":7}},"line":37},"3":{"name":"(anonymous_3)","decl":{"start":{"line":40,"column":13},"end":{"line":40,"column":14}},"loc":{"start":{"line":40,"column":24},"end":{"line":42,"column":7}},"line":40},"4":{"name":"(anonymous_4)","decl":{"start":{"line":45,"column":12},"end":{"line":45,"column":13}},"loc":{"start":{"line":45,"column":18},"end":{"line":54,"column":3}},"line":45},"5":{"name":"(anonymous_5)","decl":{"start":{"line":48,"column":12},"end":{"line":48,"column":13}},"loc":{"start":{"line":48,"column":26},"end":{"line":50,"column":7}},"line":48},"6":{"name":"(anonymous_6)","decl":{"start":{"line":51,"column":13},"end":{"line":51,"column":14}},"loc":{"start":{"line":51,"column":24},"end":{"line":53,"column":7}},"line":51},"7":{"name":"(anonymous_7)","decl":{"start":{"line":57,"column":12},"end":{"line":57,"column":13}},"loc":{"start":{"line":57,"column":18},"end":{"line":66,"column":3}},"line":57},"8":{"name":"(anonymous_8)","decl":{"start":{"line":60,"column":12},"end":{"line":60,"column":13}},"loc":{"start":{"line":60,"column":26},"end":{"line":62,"column":7}},"line":60},"9":{"name":"(anonymous_9)","decl":{"start":{"line":63,"column":13},"end":{"line":63,"column":14}},"loc":{"start":{"line":63,"column":24},"end":{"line":65,"column":7}},"line":63},"10":{"name":"(anonymous_10)","decl":{"start":{"line":69,"column":12},"end":{"line":69,"column":13}},"loc":{"start":{"line":69,"column":18},"end":{"line":78,"column":3}},"line":69},"11":{"name":"(anonymous_11)","decl":{"start":{"line":72,"column":12},"end":{"line":72,"column":13}},"loc":{"start":{"line":72,"column":26},"end":{"line":74,"column":7}},"line":72},"12":{"name":"(anonymous_12)","decl":{"start":{"line":75,"column":13},"end":{"line":75,"column":14}},"loc":{"start":{"line":75,"column":24},"end":{"line":77,"column":7}},"line":75},"13":{"name":"(anonymous_13)","decl":{"start":{"line":81,"column":12},"end":{"line":81,"column":13}},"loc":{"start":{"line":81,"column":18},"end":{"line":90,"column":3}},"line":81},"14":{"name":"(anonymous_14)","decl":{"start":{"line":84,"column":12},"end":{"line":84,"column":13}},"loc":{"start":{"line":84,"column":26},"end":{"line":86,"column":7}},"line":84},"15":{"name":"(anonymous_15)","decl":{"start":{"line":87,"column":13},"end":{"line":87,"column":14}},"loc":{"start":{"line":87,"column":24},"end":{"line":89,"column":7}},"line":87},"16":{"name":"(anonymous_16)","decl":{"start":{"line":92,"column":12},"end":{"line":92,"column":13}},"loc":{"start":{"line":92,"column":18},"end":{"line":101,"column":3}},"line":92},"17":{"name":"(anonymous_17)","decl":{"start":{"line":95,"column":12},"end":{"line":95,"column":13}},"loc":{"start":{"line":95,"column":26},"end":{"line":97,"column":7}},"line":95},"18":{"name":"(anonymous_18)","decl":{"start":{"line":98,"column":13},"end":{"line":98,"column":14}},"loc":{"start":{"line":98,"column":24},"end":{"line":100,"column":7}},"line":98},"19":{"name":"(anonymous_19)","decl":{"start":{"line":103,"column":12},"end":{"line":103,"column":13}},"loc":{"start":{"line":103,"column":18},"end":{"line":112,"column":3}},"line":103},"20":{"name":"(anonymous_20)","decl":{"start":{"line":106,"column":12},"end":{"line":106,"column":13}},"loc":{"start":{"line":106,"column":26},"end":{"line":108,"column":7}},"line":106},"21":{"name":"(anonymous_21)","decl":{"start":{"line":109,"column":13},"end":{"line":109,"column":14}},"loc":{"start":{"line":109,"column":24},"end":{"line":111,"column":7}},"line":109},"22":{"name":"(anonymous_22)","decl":{"start":{"line":114,"column":12},"end":{"line":114,"column":13}},"loc":{"start":{"line":114,"column":18},"end":{"line":123,"column":3}},"line":114},"23":{"name":"(anonymous_23)","decl":{"start":{"line":117,"column":12},"end":{"line":117,"column":13}},"loc":{"start":{"line":117,"column":26},"end":{"line":119,"column":7}},"line":117},"24":{"name":"(anonymous_24)","decl":{"start":{"line":120,"column":13},"end":{"line":120,"column":14}},"loc":{"start":{"line":120,"column":24},"end":{"line":122,"column":7}},"line":120},"25":{"name":"addPost","decl":{"start":{"line":126,"column":11},"end":{"line":126,"column":18}},"loc":{"start":{"line":126,"column":54},"end":{"line":143,"column":3}},"line":126},"26":{"name":"(anonymous_26)","decl":{"start":{"line":134,"column":12},"end":{"line":134,"column":13}},"loc":{"start":{"line":134,"column":26},"end":{"line":138,"column":7}},"line":134},"27":{"name":"(anonymous_27)","decl":{"start":{"line":139,"column":13},"end":{"line":139,"column":14}},"loc":{"start":{"line":139,"column":24},"end":{"line":142,"column":7}},"line":139},"28":{"name":"updateTitle","decl":{"start":{"line":145,"column":11},"end":{"line":145,"column":22}},"loc":{"start":{"line":145,"column":26},"end":{"line":148,"column":3}},"line":145},"29":{"name":"updateDescription","decl":{"start":{"line":150,"column":11},"end":{"line":150,"column":28}},"loc":{"start":{"line":150,"column":32},"end":{"line":156,"column":3}},"line":150},"30":{"name":"updatetopic","decl":{"start":{"line":158,"column":11},"end":{"line":158,"column":22}},"loc":{"start":{"line":158,"column":26},"end":{"line":161,"column":3}},"line":158},"31":{"name":"(anonymous_31)","decl":{"start":{"line":163,"column":21},"end":{"line":163,"column":22}},"loc":{"start":{"line":163,"column":28},"end":{"line":183,"column":3}},"line":163},"32":{"name":"(anonymous_32)","decl":{"start":{"line":169,"column":12},"end":{"line":169,"column":13}},"loc":{"start":{"line":169,"column":26},"end":{"line":173,"column":7}},"line":169},"33":{"name":"(anonymous_33)","decl":{"start":{"line":174,"column":13},"end":{"line":174,"column":14}},"loc":{"start":{"line":174,"column":24},"end":{"line":182,"column":7}},"line":174},"34":{"name":"(anonymous_34)","decl":{"start":{"line":253,"column":35},"end":{"line":253,"column":36}},"loc":{"start":{"line":253,"column":41},"end":{"line":253,"column":65}},"line":253},"35":{"name":"(anonymous_35)","decl":{"start":{"line":288,"column":19},"end":{"line":288,"column":20}},"loc":{"start":{"line":289,"column":10},"end":{"line":298,"column":16}},"line":289}},"branchMap":{"0":{"loc":{"start":{"line":29,"column":4},"end":{"line":33,"column":5}},"type":"if","locations":[{"start":{"line":29,"column":4},"end":{"line":33,"column":5}},{"start":{},"end":{}}],"line":29},"1":{"loc":{"start":{"line":153,"column":4},"end":{"line":155,"column":5}},"type":"if","locations":[{"start":{"line":153,"column":4},"end":{"line":155,"column":5}},{"start":{},"end":{}}],"line":153},"2":{"loc":{"start":{"line":176,"column":8},"end":{"line":180,"column":9}},"type":"if","locations":[{"start":{"line":176,"column":8},"end":{"line":180,"column":9}},{"start":{"line":178,"column":15},"end":{"line":180,"column":9}}],"line":176},"3":{"loc":{"start":{"line":188,"column":9},"end":{"line":260,"column":9}},"type":"binary-expr","locations":[{"start":{"line":188,"column":10},"end":{"line":188,"column":19}},{"start":{"line":188,"column":23},"end":{"line":188,"column":33}},{"start":{"line":189,"column":10},"end":{"line":259,"column":16}}],"line":188},"4":{"loc":{"start":{"line":191,"column":15},"end":{"line":247,"column":15}},"type":"binary-expr","locations":[{"start":{"line":191,"column":15},"end":{"line":191,"column":26}},{"start":{"line":192,"column":16},"end":{"line":246,"column":22}}],"line":191},"5":{"loc":{"start":{"line":249,"column":13},"end":{"line":258,"column":13}},"type":"binary-expr","locations":[{"start":{"line":249,"column":13},"end":{"line":249,"column":23}},{"start":{"line":250,"column":14},"end":{"line":257,"column":20}}],"line":249}},"s":{"0":0,"1":0,"2":0,"3":0,"4":0,"5":0,"6":0,"7":0,"8":0,"9":0,"10":0,"11":0,"12":0,"13":0,"14":0,"15":0,"16":0,"17":0,"18":0,"19":0,"20":0,"21":0,"22":0,"23":0,"24":0,"25":0,"26":0,"27":0,"28":0,"29":0,"30":0,"31":0,"32":0,"33":0,"34":0,"35":0,"36":0,"37":0,"38":0,"39":0,"40":0,"41":0,"42":0,"43":0,"44":0,"45":0,"46":0,"47":0,"48":0,"49":0,"50":0,"51":0,"52":0,"53":0,"54":0,"55":0,"56":0,"57":0,"58":0,"59":0,"60":0,"61":0,"62":0,"63":0,"64":0,"65":0,"66":0,"67":0,"68":0,"69":0,"70":0,"71":0,"72":0,"73":0,"74":0,"75":0,"76":0,"77":0,"78":0,"79":0,"80":0},"f":{"0":0,"1":0,"2":0,"3":0,"4":0,"5":0,"6":0,"7":0,"8":0,"9":0,"10":0,"11":0,"12":0,"13":0,"14":0,"15":0,"16":0,"17":0,"18":0,"19":0,"20":0,"21":0,"22":0,"23":0,"24":0,"25":0,"26":0,"27":0,"28":0,"29":0,"30":0,"31":0,"32":0,"33":0,"34":0,"35":0},"b":{"0":[0,0],"1":[0,0],"2":[0,0],"3":[0,0,0],"4":[0,0],"5":[0,0]}}
,"C:\\Users\\Anna\\OneDrive\\Desktop\\E-COMMERCE\\aurora\\Frontend\\src\\components\\boards\\AddProduct.jsx": {"path":"C:\\Users\\Anna\\OneDrive\\Desktop\\E-COMMERCE\\aurora\\Frontend\\src\\components\\boards\\AddProduct.jsx","statementMap":{"0":{"start":{"line":7,"column":19},"end":{"line":428,"column":1}},"1":{"start":{"line":8,"column":30},"end":{"line":8,"column":42}},"2":{"start":{"line":9,"column":28},"end":{"line":9,"column":40}},"3":{"start":{"line":12,"column":34},"end":{"line":12,"column":46}},"4":{"start":{"line":13,"column":28},"end":{"line":13,"column":40}},"5":{"start":{"line":14,"column":40},"end":{"line":14,"column":52}},"6":{"start":{"line":15,"column":34},"end":{"line":15,"column":46}},"7":{"start":{"line":16,"column":30},"end":{"line":16,"column":42}},"8":{"start":{"line":17,"column":28},"end":{"line":17,"column":40}},"9":{"start":{"line":18,"column":38},"end":{"line":18,"column":50}},"10":{"start":{"line":20,"column":30},"end":{"line":20,"column":49}},"11":{"start":{"line":21,"column":44},"end":{"line":21,"column":56}},"12":{"start":{"line":22,"column":44},"end":{"line":22,"column":56}},"13":{"start":{"line":24,"column":28},"end":{"line":24,"column":39}},"14":{"start":{"line":25,"column":32},"end":{"line":25,"column":44}},"15":{"start":{"line":26,"column":38},"end":{"line":26,"column":53}},"16":{"start":{"line":29,"column":32},"end":{"line":44,"column":3}},"17":{"start":{"line":47,"column":2},"end":{"line":63,"column":9}},"18":{"start":{"line":48,"column":30},"end":{"line":61,"column":5}},"19":{"start":{"line":49,"column":6},"end":{"line":60,"column":7}},"20":{"start":{"line":50,"column":25},"end":{"line":50,"column":57}},"21":{"start":{"line":51,"column":8},"end":{"line":51,"column":33}},"22":{"start":{"line":54,"column":10},"end":{"line":58,"column":26}},"23":{"start":{"line":59,"column":8},"end":{"line":59,"column":32}},"24":{"start":{"line":62,"column":4},"end":{"line":62,"column":24}},"25":{"start":{"line":65,"column":23},"end":{"line":101,"column":3}},"26":{"start":{"line":66,"column":19},"end":{"line":66,"column":21}},"27":{"start":{"line":68,"column":4},"end":{"line":70,"column":5}},"28":{"start":{"line":69,"column":6},"end":{"line":69,"column":41}},"29":{"start":{"line":72,"column":4},"end":{"line":74,"column":5}},"30":{"start":{"line":73,"column":6},"end":{"line":73,"column":53}},"31":{"start":{"line":76,"column":4},"end":{"line":78,"column":5}},"32":{"start":{"line":77,"column":6},"end":{"line":77,"column":47}},"33":{"start":{"line":80,"column":4},"end":{"line":82,"column":5}},"34":{"start":{"line":81,"column":6},"end":{"line":81,"column":55}},"35":{"start":{"line":85,"column":26},"end":{"line":85,"column":46}},"36":{"start":{"line":86,"column":4},"end":{"line":88,"column":5}},"37":{"start":{"line":87,"column":6},"end":{"line":87,"column":74}},"38":{"start":{"line":90,"column":4},"end":{"line":92,"column":5}},"39":{"start":{"line":91,"column":6},"end":{"line":91,"column":55}},"40":{"start":{"line":94,"column":31},"end":{"line":94,"column":44}},"41":{"start":{"line":95,"column":4},"end":{"line":98,"column":5}},"42":{"start":{"line":96,"column":6},"end":{"line":97,"column":66}},"43":{"start":{"line":100,"column":4},"end":{"line":100,"column":18}},"44":{"start":{"line":103,"column":2},"end":{"line":119,"column":9}},"45":{"start":{"line":104,"column":26},"end":{"line":117,"column":5}},"46":{"start":{"line":105,"column":19},"end":{"line":105,"column":59}},"47":{"start":{"line":107,"column":6},"end":{"line":109,"column":7}},"48":{"start":{"line":108,"column":8},"end":{"line":108,"column":33}},"49":{"start":{"line":111,"column":6},"end":{"line":116,"column":7}},"50":{"start":{"line":112,"column":25},"end":{"line":112,"column":62}},"51":{"start":{"line":113,"column":8},"end":{"line":113,"column":35}},"52":{"start":{"line":115,"column":8},"end":{"line":115,"column":27}},"53":{"start":{"line":118,"column":4},"end":{"line":118,"column":20}},"54":{"start":{"line":134,"column":4},"end":{"line":161,"column":5}},"55":{"start":{"line":135,"column":23},"end":{"line":155,"column":7}},"56":{"start":{"line":156,"column":6},"end":{"line":156,"column":38}},"57":{"start":{"line":157,"column":6},"end":{"line":157,"column":22}},"58":{"start":{"line":159,"column":6},"end":{"line":159,"column":53}},"59":{"start":{"line":160,"column":6},"end":{"line":160,"column":18}},"60":{"start":{"line":165,"column":21},"end":{"line":165,"column":35}},"61":{"start":{"line":166,"column":4},"end":{"line":166,"column":23}},"62":{"start":{"line":170,"column":17},"end":{"line":170,"column":34}},"63":{"start":{"line":171,"column":4},"end":{"line":171,"column":27}},"64":{"start":{"line":172,"column":4},"end":{"line":172,"column":65}},"65":{"start":{"line":176,"column":27},"end":{"line":176,"column":41}},"66":{"start":{"line":177,"column":22},"end":{"line":177,"column":56}},"67":{"start":{"line":178,"column":4},"end":{"line":180,"column":5}},"68":{"start":{"line":179,"column":6},"end":{"line":179,"column":37}},"69":{"start":{"line":184,"column":24},"end":{"line":184,"column":38}},"70":{"start":{"line":185,"column":4},"end":{"line":185,"column":29}},"71":{"start":{"line":189,"column":21},"end":{"line":189,"column":35}},"72":{"start":{"line":190,"column":4},"end":{"line":190,"column":23}},"73":{"start":{"line":194,"column":22},"end":{"line":194,"column":36}},"74":{"start":{"line":195,"column":4},"end":{"line":195,"column":25}},"75":{"start":{"line":199,"column":19},"end":{"line":199,"column":33}},"76":{"start":{"line":200,"column":4},"end":{"line":200,"column":19}},"77":{"start":{"line":204,"column":21},"end":{"line":204,"column":35}},"78":{"start":{"line":205,"column":4},"end":{"line":205,"column":25}},"79":{"start":{"line":208,"column":20},"end":{"line":221,"column":3}},"80":{"start":{"line":209,"column":4},"end":{"line":209,"column":25}},"81":{"start":{"line":210,"column":4},"end":{"line":210,"column":25}},"82":{"start":{"line":211,"column":4},"end":{"line":211,"column":17}},"83":{"start":{"line":212,"column":4},"end":{"line":212,"column":23}},"84":{"start":{"line":213,"column":4},"end":{"line":213,"column":20}},"85":{"start":{"line":214,"column":4},"end":{"line":214,"column":18}},"86":{"start":{"line":215,"column":4},"end":{"line":215,"column":15}},"87":{"start":{"line":216,"column":4},"end":{"line":216,"column":19}},"88":{"start":{"line":217,"column":4},"end":{"line":217,"column":16}},"89":{"start":{"line":218,"column":4},"end":{"line":218,"column":19}},"90":{"start":{"line":219,"column":4},"end":{"line":219,"column":25}},"91":{"start":{"line":220,"column":4},"end":{"line":220,"column":17}},"92":{"start":{"line":223,"column":24},"end":{"line":257,"column":3}},"93":{"start":{"line":224,"column":4},"end":{"line":224,"column":23}},"94":{"start":{"line":225,"column":4},"end":{"line":225,"column":19}},"95":{"start":{"line":226,"column":4},"end":{"line":226,"column":25}},"96":{"start":{"line":228,"column":19},"end":{"line":228,"column":33}},"97":{"start":{"line":229,"column":4},"end":{"line":229,"column":21}},"98":{"start":{"line":231,"column":4},"end":{"line":256,"column":5}},"99":{"start":{"line":232,"column":6},"end":{"line":255,"column":7}},"100":{"start":{"line":233,"column":25},"end":{"line":245,"column":9}},"101":{"start":{"line":246,"column":8},"end":{"line":246,"column":42}},"102":{"start":{"line":247,"column":8},"end":{"line":247,"column":28}},"103":{"start":{"line":249,"column":8},"end":{"line":253,"column":9}},"104":{"start":{"line":250,"column":10},"end":{"line":250,"column":50}},"105":{"start":{"line":252,"column":10},"end":{"line":252,"column":39}},"106":{"start":{"line":254,"column":8},"end":{"line":254,"column":29}},"107":{"start":{"line":259,"column":2},"end":{"line":427,"column":4}}},"fnMap":{"0":{"name":"(anonymous_0)","decl":{"start":{"line":7,"column":19},"end":{"line":7,"column":20}},"loc":{"start":{"line":7,"column":25},"end":{"line":428,"column":1}},"line":7},"1":{"name":"(anonymous_1)","decl":{"start":{"line":47,"column":12},"end":{"line":47,"column":13}},"loc":{"start":{"line":47,"column":18},"end":{"line":63,"column":3}},"line":47},"2":{"name":"(anonymous_2)","decl":{"start":{"line":48,"column":30},"end":{"line":48,"column":31}},"loc":{"start":{"line":48,"column":42},"end":{"line":61,"column":5}},"line":48},"3":{"name":"(anonymous_3)","decl":{"start":{"line":65,"column":23},"end":{"line":65,"column":24}},"loc":{"start":{"line":65,"column":29},"end":{"line":101,"column":3}},"line":65},"4":{"name":"(anonymous_4)","decl":{"start":{"line":103,"column":12},"end":{"line":103,"column":13}},"loc":{"start":{"line":103,"column":18},"end":{"line":119,"column":3}},"line":103},"5":{"name":"(anonymous_5)","decl":{"start":{"line":104,"column":26},"end":{"line":104,"column":27}},"loc":{"start":{"line":104,"column":38},"end":{"line":117,"column":5}},"line":104},"6":{"name":"addProduct","decl":{"start":{"line":121,"column":17},"end":{"line":121,"column":27}},"loc":{"start":{"line":133,"column":4},"end":{"line":162,"column":3}},"line":133},"7":{"name":"updateTitle","decl":{"start":{"line":164,"column":11},"end":{"line":164,"column":22}},"loc":{"start":{"line":164,"column":26},"end":{"line":167,"column":3}},"line":164},"8":{"name":"updateImage","decl":{"start":{"line":169,"column":11},"end":{"line":169,"column":22}},"loc":{"start":{"line":169,"column":26},"end":{"line":173,"column":3}},"line":169},"9":{"name":"updateDescription","decl":{"start":{"line":175,"column":11},"end":{"line":175,"column":28}},"loc":{"start":{"line":175,"column":32},"end":{"line":181,"column":3}},"line":175},"10":{"name":"updateCategory","decl":{"start":{"line":183,"column":11},"end":{"line":183,"column":25}},"loc":{"start":{"line":183,"column":29},"end":{"line":186,"column":3}},"line":183},"11":{"name":"updatePrice","decl":{"start":{"line":188,"column":11},"end":{"line":188,"column":22}},"loc":{"start":{"line":188,"column":26},"end":{"line":191,"column":3}},"line":188},"12":{"name":"updateStreet","decl":{"start":{"line":193,"column":11},"end":{"line":193,"column":23}},"loc":{"start":{"line":193,"column":27},"end":{"line":196,"column":3}},"line":193},"13":{"name":"updateZip","decl":{"start":{"line":198,"column":11},"end":{"line":198,"column":20}},"loc":{"start":{"line":198,"column":24},"end":{"line":201,"column":3}},"line":198},"14":{"name":"updateContact","decl":{"start":{"line":203,"column":11},"end":{"line":203,"column":24}},"loc":{"start":{"line":203,"column":28},"end":{"line":206,"column":3}},"line":203},"15":{"name":"(anonymous_15)","decl":{"start":{"line":208,"column":20},"end":{"line":208,"column":21}},"loc":{"start":{"line":208,"column":26},"end":{"line":221,"column":3}},"line":208},"16":{"name":"(anonymous_16)","decl":{"start":{"line":223,"column":24},"end":{"line":223,"column":25}},"loc":{"start":{"line":223,"column":37},"end":{"line":257,"column":3}},"line":223}},"branchMap":{"0":{"loc":{"start":{"line":54,"column":10},"end":{"line":58,"column":26}},"type":"binary-expr","locations":[{"start":{"line":54,"column":11},"end":{"line":54,"column":25}},{"start":{"line":55,"column":12},"end":{"line":55,"column":31}},{"start":{"line":56,"column":12},"end":{"line":56,"column":39}},{"start":{"line":57,"column":10},"end":{"line":57,"column":23}},{"start":{"line":58,"column":10},"end":{"line":58,"column":26}}],"line":54},"1":{"loc":{"start":{"line":68,"column":4},"end":{"line":70,"column":5}},"type":"if","locations":[{"start":{"line":68,"column":4},"end":{"line":70,"column":5}},{"start":{},"end":{}}],"line":68},"2":{"loc":{"start":{"line":68,"column":8},"end":{"line":68,"column":43}},"type":"binary-expr","locations":[{"start":{"line":68,"column":8},"end":{"line":68,"column":14}},{"start":{"line":68,"column":18},"end":{"line":68,"column":43}}],"line":68},"3":{"loc":{"start":{"line":72,"column":4},"end":{"line":74,"column":5}},"type":"if","locations":[{"start":{"line":72,"column":4},"end":{"line":74,"column":5}},{"start":{},"end":{}}],"line":72},"4":{"loc":{"start":{"line":72,"column":8},"end":{"line":72,"column":55}},"type":"binary-expr","locations":[{"start":{"line":72,"column":8},"end":{"line":72,"column":20}},{"start":{"line":72,"column":24},"end":{"line":72,"column":55}}],"line":72},"5":{"loc":{"start":{"line":76,"column":4},"end":{"line":78,"column":5}},"type":"if","locations":[{"start":{"line":76,"column":4},"end":{"line":78,"column":5}},{"start":{},"end":{}}],"line":76},"6":{"loc":{"start":{"line":80,"column":4},"end":{"line":82,"column":5}},"type":"if","locations":[{"start":{"line":80,"column":4},"end":{"line":82,"column":5}},{"start":{},"end":{}}],"line":80},"7":{"loc":{"start":{"line":80,"column":8},"end":{"line":80,"column":28}},"type":"binary-expr","locations":[{"start":{"line":80,"column":8},"end":{"line":80,"column":14}},{"start":{"line":80,"column":18},"end":{"line":80,"column":28}}],"line":80},"8":{"loc":{"start":{"line":86,"column":4},"end":{"line":88,"column":5}},"type":"if","locations":[{"start":{"line":86,"column":4},"end":{"line":88,"column":5}},{"start":{},"end":{}}],"line":86},"9":{"loc":{"start":{"line":86,"column":8},"end":{"line":86,"column":53}},"type":"binary-expr","locations":[{"start":{"line":86,"column":8},"end":{"line":86,"column":15}},{"start":{"line":86,"column":19},"end":{"line":86,"column":53}}],"line":86},"10":{"loc":{"start":{"line":90,"column":4},"end":{"line":92,"column":5}},"type":"if","locations":[{"start":{"line":90,"column":4},"end":{"line":92,"column":5}},{"start":{},"end":{}}],"line":90},"11":{"loc":{"start":{"line":95,"column":4},"end":{"line":98,"column":5}},"type":"if","locations":[{"start":{"line":95,"column":4},"end":{"line":98,"column":5}},{"start":{},"end":{}}],"line":95},"12":{"loc":{"start":{"line":95,"column":8},"end":{"line":95,"column":72}},"type":"binary-expr","locations":[{"start":{"line":95,"column":8},"end":{"line":95,"column":22}},{"start":{"line":95,"column":26},"end":{"line":95,"column":72}}],"line":95},"13":{"loc":{"start":{"line":107,"column":6},"end":{"line":109,"column":7}},"type":"if","locations":[{"start":{"line":107,"column":6},"end":{"line":109,"column":7}},{"start":{},"end":{}}],"line":107},"14":{"loc":{"start":{"line":178,"column":4},"end":{"line":180,"column":5}},"type":"if","locations":[{"start":{"line":178,"column":4},"end":{"line":180,"column":5}},{"start":{},"end":{}}],"line":178},"15":{"loc":{"start":{"line":231,"column":4},"end":{"line":256,"column":5}},"type":"if","locations":[{"start":{"line":231,"column":4},"end":{"line":256,"column":5}},{"start":{},"end":{}}],"line":231},"16":{"loc":{"start":{"line":249,"column":8},"end":{"line":253,"column":9}},"type":"if","locations":[{"start":{"line":249,"column":8},"end":{"line":253,"column":9}},{"start":{"line":251,"column":15},"end":{"line":253,"column":9}}],"line":249},"17":{"loc":{"start":{"line":269,"column":13},"end":{"line":269,"column":68}},"type":"binary-expr","locations":[{"start":{"line":269,"column":13},"end":{"line":269,"column":24}},{"start":{"line":269,"column":28},"end":{"line":269,"column":68}}],"line":269},"18":{"loc":{"start":{"line":270,"column":13},"end":{"line":401,"column":13}},"type":"binary-expr","locations":[{"start":{"line":270,"column":13},"end":{"line":270,"column":24}},{"start":{"line":271,"column":14},"end":{"line":400,"column":20}}],"line":270},"19":{"loc":{"start":{"line":295,"column":17},"end":{"line":295,"column":70}},"type":"binary-expr","locations":[{"start":{"line":295,"column":17},"end":{"line":295,"column":28}},{"start":{"line":295,"column":32},"end":{"line":295,"column":70}}],"line":295},"20":{"loc":{"start":{"line":309,"column":17},"end":{"line":311,"column":17}},"type":"binary-expr","locations":[{"start":{"line":309,"column":17},"end":{"line":309,"column":34}},{"start":{"line":310,"column":18},"end":{"line":310,"column":62}}],"line":309},"21":{"loc":{"start":{"line":331,"column":17},"end":{"line":331,"column":76}},"type":"binary-expr","locations":[{"start":{"line":331,"column":17},"end":{"line":331,"column":31}},{"start":{"line":331,"column":35},"end":{"line":331,"column":76}}],"line":331},"22":{"loc":{"start":{"line":345,"column":17},"end":{"line":345,"column":70}},"type":"binary-expr","locations":[{"start":{"line":345,"column":17},"end":{"line":345,"column":28}},{"start":{"line":345,"column":32},"end":{"line":345,"column":70}}],"line":345},"23":{"loc":{"start":{"line":360,"column":17},"end":{"line":360,"column":72}},"type":"binary-expr","locations":[{"start":{"line":360,"column":17},"end":{"line":360,"column":29}},{"start":{"line":360,"column":33},"end":{"line":360,"column":72}}],"line":360},"24":{"loc":{"start":{"line":381,"column":17},"end":{"line":381,"column":74}},"type":"binary-expr","locations":[{"start":{"line":381,"column":17},"end":{"line":381,"column":30}},{"start":{"line":381,"column":34},"end":{"line":381,"column":74}}],"line":381},"25":{"loc":{"start":{"line":395,"column":17},"end":{"line":395,"column":74}},"type":"binary-expr","locations":[{"start":{"line":395,"column":17},"end":{"line":395,"column":30}},{"start":{"line":395,"column":34},"end":{"line":395,"column":74}}],"line":395},"26":{"loc":{"start":{"line":402,"column":13},"end":{"line":422,"column":13}},"type":"binary-expr","locations":[{"start":{"line":402,"column":13},"end":{"line":402,"column":23}},{"start":{"line":403,"column":14},"end":{"line":421,"column":20}}],"line":402}},"s":{"0":0,"1":0,"2":0,"3":0,"4":0,"5":0,"6":0,"7":0,"8":0,"9":0,"10":0,"11":0,"12":0,"13":0,"14":0,"15":0,"16":0,"17":0,"18":0,"19":0,"20":0,"21":0,"22":0,"23":0,"24":0,"25":0,"26":0,"27":0,"28":0,"29":0,"30":0,"31":0,"32":0,"33":0,"34":0,"35":0,"36":0,"37":0,"38":0,"39":0,"40":0,"41":0,"42":0,"43":0,"44":0,"45":0,"46":0,"47":0,"48":0,"49":0,"50":0,"51":0,"52":0,"53":0,"54":0,"55":0,"56":0,"57":0,"58":0,"59":0,"60":0,"61":0,"62":0,"63":0,"64":0,"65":0,"66":0,"67":0,"68":0,"69":0,"70":0,"71":0,"72":0,"73":0,"74":0,"75":0,"76":0,"77":0,"78":0,"79":0,"80":0,"81":0,"82":0,"83":0,"84":0,"85":0,"86":0,"87":0,"88":0,"89":0,"90":0,"91":0,"92":0,"93":0,"94":0,"95":0,"96":0,"97":0,"98":0,"99":0,"100":0,"101":0,"102":0,"103":0,"104":0,"105":0,"106":0,"107":0},"f":{"0":0,"1":0,"2":0,"3":0,"4":0,"5":0,"6":0,"7":0,"8":0,"9":0,"10":0,"11":0,"12":0,"13":0,"14":0,"15":0,"16":0},"b":{"0":[0,0,0,0,0],"1":[0,0],"2":[0,0],"3":[0,0],"4":[0,0],"5":[0,0],"6":[0,0],"7":[0,0],"8":[0,0],"9":[0,0],"10":[0,0],"11":[0,0],"12":[0,0],"13":[0,0],"14":[0,0],"15":[0,0],"16":[0,0],"17":[0,0],"18":[0,0],"19":[0,0],"20":[0,0],"21":[0,0],"22":[0,0],"23":[0,0],"24":[0,0],"25":[0,0],"26":[0,0]}}
,"C:\\Users\\Anna\\OneDrive\\Desktop\\E-COMMERCE\\aurora\\Frontend\\src\\components\\boards\\adminBoard.jsx": {"path":"C:\\Users\\Anna\\OneDrive\\Desktop\\E-COMMERCE\\aurora\\Frontend\\src\\components\\boards\\adminBoard.jsx","statementMap":{"0":{"start":{"line":6,"column":19},"end":{"line":307,"column":1}},"1":{"start":{"line":7,"column":32},"end":{"line":7,"column":44}},"2":{"start":{"line":8,"column":36},"end":{"line":8,"column":50}},"3":{"start":{"line":9,"column":28},"end":{"line":9,"column":40}},"4":{"start":{"line":10,"column":36},"end":{"line":10,"column":50}},"5":{"start":{"line":11,"column":28},"end":{"line":11,"column":40}},"6":{"start":{"line":12,"column":42},"end":{"line":12,"column":56}},"7":{"start":{"line":13,"column":36},"end":{"line":13,"column":48}},"8":{"start":{"line":14,"column":36},"end":{"line":14,"column":50}},"9":{"start":{"line":15,"column":29},"end":{"line":15,"column":41}},"10":{"start":{"line":16,"column":44},"end":{"line":16,"column":56}},"11":{"start":{"line":17,"column":50},"end":{"line":17,"column":62}},"12":{"start":{"line":19,"column":44},"end":{"line":19,"column":56}},"13":{"start":{"line":20,"column":44},"end":{"line":20,"column":56}},"14":{"start":{"line":22,"column":2},"end":{"line":37,"column":9}},"15":{"start":{"line":23,"column":4},"end":{"line":36,"column":6}},"16":{"start":{"line":25,"column":8},"end":{"line":25,"column":34}},"17":{"start":{"line":28,"column":8},"end":{"line":34,"column":10}},"18":{"start":{"line":39,"column":2},"end":{"line":99,"column":9}},"19":{"start":{"line":40,"column":27},"end":{"line":53,"column":5}},"20":{"start":{"line":41,"column":6},"end":{"line":52,"column":7}},"21":{"start":{"line":42,"column":25},"end":{"line":44,"column":9}},"22":{"start":{"line":45,"column":8},"end":{"line":45,"column":42}},"23":{"start":{"line":46,"column":8},"end":{"line":46,"column":38}},"24":{"start":{"line":48,"column":8},"end":{"line":51,"column":10}},"25":{"start":{"line":54,"column":27},"end":{"line":67,"column":5}},"26":{"start":{"line":55,"column":6},"end":{"line":66,"column":7}},"27":{"start":{"line":56,"column":25},"end":{"line":58,"column":9}},"28":{"start":{"line":59,"column":8},"end":{"line":59,"column":42}},"29":{"start":{"line":60,"column":8},"end":{"line":60,"column":38}},"30":{"start":{"line":62,"column":8},"end":{"line":65,"column":10}},"31":{"start":{"line":69,"column":30},"end":{"line":80,"column":5}},"32":{"start":{"line":70,"column":6},"end":{"line":79,"column":7}},"33":{"start":{"line":71,"column":25},"end":{"line":71,"column":78}},"34":{"start":{"line":72,"column":8},"end":{"line":72,"column":45}},"35":{"start":{"line":73,"column":8},"end":{"line":73,"column":45}},"36":{"start":{"line":75,"column":8},"end":{"line":78,"column":10}},"37":{"start":{"line":82,"column":28},"end":{"line":93,"column":5}},"38":{"start":{"line":83,"column":6},"end":{"line":92,"column":7}},"39":{"start":{"line":84,"column":25},"end":{"line":84,"column":75}},"40":{"start":{"line":85,"column":8},"end":{"line":85,"column":42}},"41":{"start":{"line":86,"column":8},"end":{"line":86,"column":41}},"42":{"start":{"line":88,"column":8},"end":{"line":91,"column":10}},"43":{"start":{"line":95,"column":4},"end":{"line":95,"column":22}},"44":{"start":{"line":96,"column":4},"end":{"line":96,"column":24}},"45":{"start":{"line":97,"column":4},"end":{"line":97,"column":21}},"46":{"start":{"line":98,"column":4},"end":{"line":98,"column":21}},"47":{"start":{"line":101,"column":29},"end":{"line":108,"column":8}},"48":{"start":{"line":102,"column":4},"end":{"line":104,"column":6}},"49":{"start":{"line":103,"column":6},"end":{"line":103,"column":63}},"50":{"start":{"line":103,"column":39},"end":{"line":103,"column":62}},"51":{"start":{"line":105,"column":4},"end":{"line":107,"column":6}},"52":{"start":{"line":106,"column":6},"end":{"line":106,"column":56}},"53":{"start":{"line":106,"column":33},"end":{"line":106,"column":55}},"54":{"start":{"line":111,"column":24},"end":{"line":159,"column":1}},"55":{"start":{"line":120,"column":6},"end":{"line":120,"column":30}},"56":{"start":{"line":121,"column":21},"end":{"line":121,"column":62}},"57":{"start":{"line":123,"column":6},"end":{"line":156,"column":5}},"58":{"start":{"line":124,"column":25},"end":{"line":132,"column":9}},"59":{"start":{"line":134,"column":23},"end":{"line":134,"column":44}},"60":{"start":{"line":135,"column":8},"end":{"line":153,"column":7}},"61":{"start":{"line":136,"column":10},"end":{"line":136,"column":32}},"62":{"start":{"line":137,"column":31},"end":{"line":137,"column":73}},"63":{"start":{"line":137,"column":54},"end":{"line":137,"column":72}},"64":{"start":{"line":138,"column":10},"end":{"line":138,"column":61}},"65":{"start":{"line":139,"column":10},"end":{"line":139,"column":33}},"66":{"start":{"line":142,"column":10},"end":{"line":144,"column":11}},"67":{"start":{"line":143,"column":12},"end":{"line":143,"column":39}},"68":{"start":{"line":146,"column":8},"end":{"line":150,"column":9}},"69":{"start":{"line":147,"column":10},"end":{"line":149,"column":19}},"70":{"start":{"line":148,"column":12},"end":{"line":148,"column":37}},"71":{"start":{"line":152,"column":8},"end":{"line":152,"column":42}},"72":{"start":{"line":155,"column":6},"end":{"line":155,"column":58}},"73":{"start":{"line":162,"column":2},"end":{"line":167,"column":38}},"74":{"start":{"line":163,"column":4},"end":{"line":163,"column":29}},"75":{"start":{"line":164,"column":4},"end":{"line":164,"column":35}},"76":{"start":{"line":165,"column":4},"end":{"line":165,"column":28}},"77":{"start":{"line":166,"column":4},"end":{"line":166,"column":28}},"78":{"start":{"line":169,"column":2},"end":{"line":306,"column":4}},"79":{"start":{"line":187,"column":16},"end":{"line":207,"column":33}},"80":{"start":{"line":194,"column":24},"end":{"line":201,"column":25}},"81":{"start":{"line":214,"column":16},"end":{"line":234,"column":33}},"82":{"start":{"line":221,"column":24},"end":{"line":228,"column":25}},"83":{"start":{"line":247,"column":16},"end":{"line":267,"column":33}},"84":{"start":{"line":251,"column":24},"end":{"line":257,"column":25}},"85":{"start":{"line":278,"column":16},"end":{"line":299,"column":33}},"86":{"start":{"line":283,"column":24},"end":{"line":289,"column":25}}},"fnMap":{"0":{"name":"(anonymous_0)","decl":{"start":{"line":6,"column":19},"end":{"line":6,"column":20}},"loc":{"start":{"line":6,"column":25},"end":{"line":307,"column":1}},"line":6},"1":{"name":"(anonymous_1)","decl":{"start":{"line":22,"column":12},"end":{"line":22,"column":13}},"loc":{"start":{"line":22,"column":18},"end":{"line":37,"column":3}},"line":22},"2":{"name":"(anonymous_2)","decl":{"start":{"line":24,"column":6},"end":{"line":24,"column":7}},"loc":{"start":{"line":24,"column":20},"end":{"line":26,"column":7}},"line":24},"3":{"name":"(anonymous_3)","decl":{"start":{"line":27,"column":6},"end":{"line":27,"column":7}},"loc":{"start":{"line":27,"column":17},"end":{"line":35,"column":7}},"line":27},"4":{"name":"(anonymous_4)","decl":{"start":{"line":39,"column":12},"end":{"line":39,"column":13}},"loc":{"start":{"line":39,"column":18},"end":{"line":99,"column":3}},"line":39},"5":{"name":"(anonymous_5)","decl":{"start":{"line":40,"column":27},"end":{"line":40,"column":28}},"loc":{"start":{"line":40,"column":39},"end":{"line":53,"column":5}},"line":40},"6":{"name":"(anonymous_6)","decl":{"start":{"line":54,"column":27},"end":{"line":54,"column":28}},"loc":{"start":{"line":54,"column":39},"end":{"line":67,"column":5}},"line":54},"7":{"name":"(anonymous_7)","decl":{"start":{"line":69,"column":30},"end":{"line":69,"column":31}},"loc":{"start":{"line":69,"column":42},"end":{"line":80,"column":5}},"line":69},"8":{"name":"(anonymous_8)","decl":{"start":{"line":82,"column":28},"end":{"line":82,"column":29}},"loc":{"start":{"line":82,"column":40},"end":{"line":93,"column":5}},"line":82},"9":{"name":"(anonymous_9)","decl":{"start":{"line":101,"column":41},"end":{"line":101,"column":42}},"loc":{"start":{"line":101,"column":53},"end":{"line":108,"column":3}},"line":101},"10":{"name":"(anonymous_10)","decl":{"start":{"line":102,"column":24},"end":{"line":102,"column":25}},"loc":{"start":{"line":103,"column":6},"end":{"line":103,"column":63}},"line":103},"11":{"name":"(anonymous_11)","decl":{"start":{"line":103,"column":26},"end":{"line":103,"column":27}},"loc":{"start":{"line":103,"column":39},"end":{"line":103,"column":62}},"line":103},"12":{"name":"(anonymous_12)","decl":{"start":{"line":105,"column":21},"end":{"line":105,"column":22}},"loc":{"start":{"line":106,"column":6},"end":{"line":106,"column":56}},"line":106},"13":{"name":"(anonymous_13)","decl":{"start":{"line":106,"column":23},"end":{"line":106,"column":24}},"loc":{"start":{"line":106,"column":33},"end":{"line":106,"column":55}},"line":106},"14":{"name":"(anonymous_14)","decl":{"start":{"line":112,"column":4},"end":{"line":112,"column":5}},"loc":{"start":{"line":119,"column":9},"end":{"line":157,"column":3}},"line":119},"15":{"name":"(anonymous_15)","decl":{"start":{"line":137,"column":44},"end":{"line":137,"column":45}},"loc":{"start":{"line":137,"column":54},"end":{"line":137,"column":72}},"line":137},"16":{"name":"(anonymous_16)","decl":{"start":{"line":147,"column":21},"end":{"line":147,"column":22}},"loc":{"start":{"line":147,"column":27},"end":{"line":149,"column":11}},"line":147},"17":{"name":"(anonymous_17)","decl":{"start":{"line":162,"column":12},"end":{"line":162,"column":13}},"loc":{"start":{"line":162,"column":18},"end":{"line":167,"column":3}},"line":162},"18":{"name":"(anonymous_18)","decl":{"start":{"line":186,"column":33},"end":{"line":186,"column":34}},"loc":{"start":{"line":187,"column":16},"end":{"line":207,"column":33}},"line":187},"19":{"name":"(anonymous_19)","decl":{"start":{"line":193,"column":31},"end":{"line":193,"column":32}},"loc":{"start":{"line":194,"column":24},"end":{"line":201,"column":25}},"line":194},"20":{"name":"(anonymous_20)","decl":{"start":{"line":213,"column":33},"end":{"line":213,"column":34}},"loc":{"start":{"line":214,"column":16},"end":{"line":234,"column":33}},"line":214},"21":{"name":"(anonymous_21)","decl":{"start":{"line":220,"column":31},"end":{"line":220,"column":32}},"loc":{"start":{"line":221,"column":24},"end":{"line":228,"column":25}},"line":221},"22":{"name":"(anonymous_22)","decl":{"start":{"line":246,"column":36},"end":{"line":246,"column":37}},"loc":{"start":{"line":247,"column":16},"end":{"line":267,"column":33}},"line":247},"23":{"name":"(anonymous_23)","decl":{"start":{"line":250,"column":31},"end":{"line":250,"column":32}},"loc":{"start":{"line":251,"column":24},"end":{"line":257,"column":25}},"line":251},"24":{"name":"(anonymous_24)","decl":{"start":{"line":277,"column":33},"end":{"line":277,"column":34}},"loc":{"start":{"line":278,"column":16},"end":{"line":299,"column":33}},"line":278},"25":{"name":"(anonymous_25)","decl":{"start":{"line":282,"column":31},"end":{"line":282,"column":32}},"loc":{"start":{"line":283,"column":24},"end":{"line":289,"column":25}},"line":283}},"branchMap":{"0":{"loc":{"start":{"line":29,"column":10},"end":{"line":33,"column":28}},"type":"binary-expr","locations":[{"start":{"line":29,"column":11},"end":{"line":29,"column":25}},{"start":{"line":30,"column":12},"end":{"line":30,"column":31}},{"start":{"line":31,"column":12},"end":{"line":31,"column":39}},{"start":{"line":32,"column":12},"end":{"line":32,"column":25}},{"start":{"line":33,"column":12},"end":{"line":33,"column":28}}],"line":29},"1":{"loc":{"start":{"line":135,"column":8},"end":{"line":153,"column":7}},"type":"if","locations":[{"start":{"line":135,"column":8},"end":{"line":153,"column":7}},{"start":{"line":151,"column":13},"end":{"line":153,"column":7}}],"line":135},"2":{"loc":{"start":{"line":142,"column":10},"end":{"line":144,"column":11}},"type":"if","locations":[{"start":{"line":142,"column":10},"end":{"line":144,"column":11}},{"start":{},"end":{}}],"line":142},"3":{"loc":{"start":{"line":142,"column":14},"end":{"line":142,"column":55}},"type":"binary-expr","locations":[{"start":{"line":142,"column":14},"end":{"line":142,"column":33}},{"start":{"line":142,"column":37},"end":{"line":142,"column":55}}],"line":142},"4":{"loc":{"start":{"line":146,"column":8},"end":{"line":150,"column":9}},"type":"if","locations":[{"start":{"line":146,"column":8},"end":{"line":150,"column":9}},{"start":{},"end":{}}],"line":146}},"s":{"0":0,"1":0,"2":0,"3":0,"4":0,"5":0,"6":0,"7":0,"8":0,"9":0,"10":0,"11":0,"12":0,"13":0,"14":0,"15":0,"16":0,"17":0,"18":0,"19":0,"20":0,"21":0,"22":0,"23":0,"24":0,"25":0,"26":0,"27":0,"28":0,"29":0,"30":0,"31":0,"32":0,"33":0,"34":0,"35":0,"36":0,"37":0,"38":0,"39":0,"40":0,"41":0,"42":0,"43":0,"44":0,"45":0,"46":0,"47":0,"48":0,"49":0,"50":0,"51":0,"52":0,"53":0,"54":0,"55":0,"56":0,"57":0,"58":0,"59":0,"60":0,"61":0,"62":0,"63":0,"64":0,"65":0,"66":0,"67":0,"68":0,"69":0,"70":0,"71":0,"72":0,"73":0,"74":0,"75":0,"76":0,"77":0,"78":0,"79":0,"80":0,"81":0,"82":0,"83":0,"84":0,"85":0,"86":0},"f":{"0":0,"1":0,"2":0,"3":0,"4":0,"5":0,"6":0,"7":0,"8":0,"9":0,"10":0,"11":0,"12":0,"13":0,"14":0,"15":0,"16":0,"17":0,"18":0,"19":0,"20":0,"21":0,"22":0,"23":0,"24":0,"25":0},"b":{"0":[0,0,0,0,0],"1":[0,0],"2":[0,0],"3":[0,0],"4":[0,0]}}
,"C:\\Users\\Anna\\OneDrive\\Desktop\\E-COMMERCE\\aurora\\Frontend\\src\\components\\boards\\myOrders.jsx": {"path":"C:\\Users\\Anna\\OneDrive\\Desktop\\E-COMMERCE\\aurora\\Frontend\\src\\components\\boards\\myOrders.jsx","statementMap":{"0":{"start":{"line":7,"column":17},"end":{"line":74,"column":1}},"1":{"start":{"line":8,"column":32},"end":{"line":8,"column":44}},"2":{"start":{"line":9,"column":30},"end":{"line":9,"column":42}},"3":{"start":{"line":11,"column":22},"end":{"line":11,"column":62}},"4":{"start":{"line":13,"column":2},"end":{"line":28,"column":9}},"5":{"start":{"line":14,"column":4},"end":{"line":27,"column":6}},"6":{"start":{"line":16,"column":8},"end":{"line":16,"column":34}},"7":{"start":{"line":19,"column":8},"end":{"line":25,"column":10}},"8":{"start":{"line":30,"column":2},"end":{"line":47,"column":20}},"9":{"start":{"line":31,"column":28},"end":{"line":44,"column":5}},"10":{"start":{"line":32,"column":6},"end":{"line":43,"column":7}},"11":{"start":{"line":33,"column":8},"end":{"line":42,"column":9}},"12":{"start":{"line":34,"column":25},"end":{"line":34,"column":39}},"13":{"start":{"line":35,"column":27},"end":{"line":37,"column":11}},"14":{"start":{"line":39,"column":10},"end":{"line":39,"column":42}},"15":{"start":{"line":41,"column":10},"end":{"line":41,"column":70}},"16":{"start":{"line":46,"column":4},"end":{"line":46,"column":22}},"17":{"start":{"line":49,"column":2},"end":{"line":73,"column":4}},"18":{"start":{"line":57,"column":12},"end":{"line":68,"column":19}},"19":{"start":{"line":63,"column":18},"end":{"line":65,"column":35}}},"fnMap":{"0":{"name":"(anonymous_0)","decl":{"start":{"line":7,"column":17},"end":{"line":7,"column":18}},"loc":{"start":{"line":7,"column":23},"end":{"line":74,"column":1}},"line":7},"1":{"name":"(anonymous_1)","decl":{"start":{"line":13,"column":12},"end":{"line":13,"column":13}},"loc":{"start":{"line":13,"column":18},"end":{"line":28,"column":3}},"line":13},"2":{"name":"(anonymous_2)","decl":{"start":{"line":15,"column":6},"end":{"line":15,"column":7}},"loc":{"start":{"line":15,"column":20},"end":{"line":17,"column":7}},"line":15},"3":{"name":"(anonymous_3)","decl":{"start":{"line":18,"column":6},"end":{"line":18,"column":7}},"loc":{"start":{"line":18,"column":17},"end":{"line":26,"column":7}},"line":18},"4":{"name":"(anonymous_4)","decl":{"start":{"line":30,"column":23},"end":{"line":30,"column":24}},"loc":{"start":{"line":30,"column":29},"end":{"line":47,"column":3}},"line":30},"5":{"name":"(anonymous_5)","decl":{"start":{"line":31,"column":28},"end":{"line":31,"column":29}},"loc":{"start":{"line":31,"column":40},"end":{"line":44,"column":5}},"line":31},"6":{"name":"(anonymous_6)","decl":{"start":{"line":56,"column":22},"end":{"line":56,"column":23}},"loc":{"start":{"line":57,"column":12},"end":{"line":68,"column":19}},"line":57},"7":{"name":"(anonymous_7)","decl":{"start":{"line":62,"column":33},"end":{"line":62,"column":34}},"loc":{"start":{"line":63,"column":18},"end":{"line":65,"column":35}},"line":63}},"branchMap":{"0":{"loc":{"start":{"line":20,"column":10},"end":{"line":24,"column":28}},"type":"binary-expr","locations":[{"start":{"line":20,"column":11},"end":{"line":20,"column":25}},{"start":{"line":21,"column":12},"end":{"line":21,"column":31}},{"start":{"line":22,"column":12},"end":{"line":22,"column":39}},{"start":{"line":23,"column":12},"end":{"line":23,"column":25}},{"start":{"line":24,"column":12},"end":{"line":24,"column":28}}],"line":20},"1":{"loc":{"start":{"line":32,"column":6},"end":{"line":43,"column":7}},"type":"if","locations":[{"start":{"line":32,"column":6},"end":{"line":43,"column":7}},{"start":{},"end":{}}],"line":32}},"s":{"0":0,"1":0,"2":0,"3":0,"4":0,"5":0,"6":0,"7":0,"8":0,"9":0,"10":0,"11":0,"12":0,"13":0,"14":0,"15":0,"16":0,"17":0,"18":0,"19":0},"f":{"0":0,"1":0,"2":0,"3":0,"4":0,"5":0,"6":0,"7":0},"b":{"0":[0,0,0,0,0],"1":[0,0]}}
,"C:\\Users\\Anna\\OneDrive\\Desktop\\E-COMMERCE\\aurora\\Frontend\\src\\components\\boards\\sellerProducts.jsx": {"path":"C:\\Users\\Anna\\OneDrive\\Desktop\\E-COMMERCE\\aurora\\Frontend\\src\\components\\boards\\sellerProducts.jsx","statementMap":{"0":{"start":{"line":5,"column":23},"end":{"line":42,"column":1}},"1":{"start":{"line":6,"column":34},"end":{"line":6,"column":46}},"2":{"start":{"line":8,"column":2},"end":{"line":19,"column":9}},"3":{"start":{"line":9,"column":26},"end":{"line":17,"column":5}},"4":{"start":{"line":10,"column":19},"end":{"line":10,"column":59}},"5":{"start":{"line":11,"column":6},"end":{"line":16,"column":7}},"6":{"start":{"line":12,"column":25},"end":{"line":12,"column":72}},"7":{"start":{"line":13,"column":8},"end":{"line":13,"column":35}},"8":{"start":{"line":15,"column":8},"end":{"line":15,"column":27}},"9":{"start":{"line":18,"column":4},"end":{"line":18,"column":20}},"10":{"start":{"line":23,"column":2},"end":{"line":41,"column":4}},"11":{"start":{"line":29,"column":10},"end":{"line":37,"column":16}}},"fnMap":{"0":{"name":"(anonymous_0)","decl":{"start":{"line":5,"column":23},"end":{"line":5,"column":24}},"loc":{"start":{"line":5,"column":29},"end":{"line":42,"column":1}},"line":5},"1":{"name":"(anonymous_1)","decl":{"start":{"line":8,"column":12},"end":{"line":8,"column":13}},"loc":{"start":{"line":8,"column":18},"end":{"line":19,"column":3}},"line":8},"2":{"name":"(anonymous_2)","decl":{"start":{"line":9,"column":26},"end":{"line":9,"column":27}},"loc":{"start":{"line":9,"column":38},"end":{"line":17,"column":5}},"line":9},"3":{"name":"(anonymous_3)","decl":{"start":{"line":27,"column":22},"end":{"line":27,"column":23}},"loc":{"start":{"line":29,"column":10},"end":{"line":37,"column":16}},"line":29}},"branchMap":{},"s":{"0":0,"1":0,"2":0,"3":0,"4":0,"5":0,"6":0,"7":0,"8":0,"9":0,"10":0,"11":0},"f":{"0":0,"1":0,"2":0,"3":0},"b":{}}
,"C:\\Users\\Anna\\OneDrive\\Desktop\\E-COMMERCE\\aurora\\Frontend\\src\\components\\cart\\cart.jsx": {"path":"C:\\Users\\Anna\\OneDrive\\Desktop\\E-COMMERCE\\aurora\\Frontend\\src\\components\\cart\\cart.jsx","statementMap":{"0":{"start":{"line":7,"column":13},"end":{"line":315,"column":1}},"1":{"start":{"line":8,"column":46},"end":{"line":8,"column":66}},"2":{"start":{"line":9,"column":40},"end":{"line":9,"column":53}},"3":{"start":{"line":10,"column":36},"end":{"line":10,"column":48}},"4":{"start":{"line":11,"column":46},"end":{"line":11,"column":58}},"5":{"start":{"line":12,"column":48},"end":{"line":12,"column":60}},"6":{"start":{"line":13,"column":42},"end":{"line":13,"column":60}},"7":{"start":{"line":14,"column":56},"end":{"line":14,"column":71}},"8":{"start":{"line":16,"column":24},"end":{"line":18,"column":3}},"9":{"start":{"line":20,"column":2},"end":{"line":57,"column":9}},"10":{"start":{"line":21,"column":26},"end":{"line":49,"column":5}},"11":{"start":{"line":22,"column":19},"end":{"line":22,"column":59}},"12":{"start":{"line":23,"column":6},"end":{"line":48,"column":7}},"13":{"start":{"line":24,"column":8},"end":{"line":29,"column":9}},"14":{"start":{"line":25,"column":27},"end":{"line":25,"column":61}},"15":{"start":{"line":26,"column":10},"end":{"line":26,"column":43}},"16":{"start":{"line":28,"column":10},"end":{"line":28,"column":29}},"17":{"start":{"line":32,"column":26},"end":{"line":32,"column":77}},"18":{"start":{"line":33,"column":36},"end":{"line":33,"column":73}},"19":{"start":{"line":33,"column":60},"end":{"line":33,"column":72}},"20":{"start":{"line":36,"column":8},"end":{"line":47,"column":13}},"21":{"start":{"line":38,"column":29},"end":{"line":38,"column":75}},"22":{"start":{"line":39,"column":12},"end":{"line":39,"column":36}},"23":{"start":{"line":43,"column":12},"end":{"line":43,"column":40}},"24":{"start":{"line":46,"column":12},"end":{"line":46,"column":31}},"25":{"start":{"line":51,"column":4},"end":{"line":56,"column":7}},"26":{"start":{"line":53,"column":6},"end":{"line":55,"column":8}},"27":{"start":{"line":54,"column":38},"end":{"line":54,"column":66}},"28":{"start":{"line":59,"column":37},"end":{"line":67,"column":3}},"29":{"start":{"line":60,"column":27},"end":{"line":60,"column":45}},"30":{"start":{"line":61,"column":4},"end":{"line":61,"column":38}},"31":{"start":{"line":62,"column":4},"end":{"line":66,"column":5}},"32":{"start":{"line":63,"column":6},"end":{"line":63,"column":26}},"33":{"start":{"line":64,"column":11},"end":{"line":66,"column":5}},"34":{"start":{"line":65,"column":6},"end":{"line":65,"column":24}},"35":{"start":{"line":69,"column":35},"end":{"line":71,"column":3}},"36":{"start":{"line":70,"column":4},"end":{"line":70,"column":40}},"37":{"start":{"line":73,"column":36},"end":{"line":82,"column":3}},"38":{"start":{"line":74,"column":4},"end":{"line":81,"column":6}},"39":{"start":{"line":76,"column":8},"end":{"line":78,"column":9}},"40":{"start":{"line":77,"column":10},"end":{"line":77,"column":38}},"41":{"start":{"line":79,"column":8},"end":{"line":79,"column":20}},"42":{"start":{"line":84,"column":36},"end":{"line":89,"column":3}},"43":{"start":{"line":85,"column":4},"end":{"line":88,"column":10}},"44":{"start":{"line":86,"column":20},"end":{"line":86,"column":78}},"45":{"start":{"line":87,"column":6},"end":{"line":87,"column":27}},"46":{"start":{"line":91,"column":31},"end":{"line":102,"column":3}},"47":{"start":{"line":92,"column":4},"end":{"line":101,"column":5}},"48":{"start":{"line":93,"column":6},"end":{"line":98,"column":12}},"49":{"start":{"line":94,"column":22},"end":{"line":96,"column":34}},"50":{"start":{"line":97,"column":8},"end":{"line":97,"column":29}},"51":{"start":{"line":100,"column":6},"end":{"line":100,"column":41}},"52":{"start":{"line":104,"column":25},"end":{"line":106,"column":35}},"53":{"start":{"line":106,"column":21},"end":{"line":106,"column":34}},"54":{"start":{"line":109,"column":33},"end":{"line":155,"column":3}},"55":{"start":{"line":111,"column":4},"end":{"line":111,"column":33}},"56":{"start":{"line":113,"column":17},"end":{"line":113,"column":57}},"57":{"start":{"line":114,"column":4},"end":{"line":153,"column":5}},"58":{"start":{"line":115,"column":6},"end":{"line":115,"column":34}},"59":{"start":{"line":117,"column":6},"end":{"line":152,"column":7}},"60":{"start":{"line":118,"column":25},"end":{"line":129,"column":9}},"61":{"start":{"line":130,"column":8},"end":{"line":132,"column":9}},"62":{"start":{"line":131,"column":10},"end":{"line":131,"column":68}},"63":{"start":{"line":133,"column":21},"end":{"line":133,"column":42}},"64":{"start":{"line":136,"column":22},"end":{"line":141,"column":11}},"65":{"start":{"line":136,"column":52},"end":{"line":141,"column":9}},"66":{"start":{"line":142,"column":26},"end":{"line":142,"column":52}},"67":{"start":{"line":143,"column":8},"end":{"line":143,"column":69}},"68":{"start":{"line":146,"column":23},"end":{"line":146,"column":42}},"69":{"start":{"line":147,"column":26},"end":{"line":149,"column":10}},"70":{"start":{"line":151,"column":8},"end":{"line":151,"column":53}},"71":{"start":{"line":154,"column":4},"end":{"line":154,"column":34}},"72":{"start":{"line":158,"column":31},"end":{"line":176,"column":3}},"73":{"start":{"line":159,"column":4},"end":{"line":175,"column":5}},"74":{"start":{"line":160,"column":6},"end":{"line":172,"column":7}},"75":{"start":{"line":161,"column":8},"end":{"line":161,"column":49}},"76":{"start":{"line":163,"column":33},"end":{"line":163,"column":79}},"77":{"start":{"line":163,"column":60},"end":{"line":163,"column":78}},"78":{"start":{"line":164,"column":8},"end":{"line":164,"column":39}},"79":{"start":{"line":166,"column":26},"end":{"line":166,"column":77}},"80":{"start":{"line":167,"column":33},"end":{"line":169,"column":9}},"81":{"start":{"line":168,"column":20},"end":{"line":168,"column":43}},"82":{"start":{"line":170,"column":8},"end":{"line":170,"column":76}},"83":{"start":{"line":171,"column":8},"end":{"line":171,"column":79}},"84":{"start":{"line":171,"column":58},"end":{"line":171,"column":76}},"85":{"start":{"line":174,"column":6},"end":{"line":174,"column":61}},"86":{"start":{"line":178,"column":2},"end":{"line":314,"column":4}},"87":{"start":{"line":253,"column":20},"end":{"line":259,"column":26}},"88":{"start":{"line":276,"column":12},"end":{"line":295,"column":18}},"89":{"start":{"line":287,"column":33},"end":{"line":287,"column":62}}},"fnMap":{"0":{"name":"(anonymous_0)","decl":{"start":{"line":7,"column":13},"end":{"line":7,"column":14}},"loc":{"start":{"line":7,"column":19},"end":{"line":315,"column":1}},"line":7},"1":{"name":"(anonymous_1)","decl":{"start":{"line":20,"column":12},"end":{"line":20,"column":13}},"loc":{"start":{"line":20,"column":18},"end":{"line":57,"column":3}},"line":20},"2":{"name":"(anonymous_2)","decl":{"start":{"line":21,"column":26},"end":{"line":21,"column":27}},"loc":{"start":{"line":21,"column":38},"end":{"line":49,"column":5}},"line":21},"3":{"name":"(anonymous_3)","decl":{"start":{"line":33,"column":50},"end":{"line":33,"column":51}},"loc":{"start":{"line":33,"column":60},"end":{"line":33,"column":72}},"line":33},"4":{"name":"(anonymous_4)","decl":{"start":{"line":37,"column":34},"end":{"line":37,"column":35}},"loc":{"start":{"line":37,"column":55},"end":{"line":40,"column":11}},"line":37},"5":{"name":"(anonymous_5)","decl":{"start":{"line":42,"column":16},"end":{"line":42,"column":17}},"loc":{"start":{"line":42,"column":30},"end":{"line":44,"column":11}},"line":42},"6":{"name":"(anonymous_6)","decl":{"start":{"line":45,"column":17},"end":{"line":45,"column":18}},"loc":{"start":{"line":45,"column":28},"end":{"line":47,"column":11}},"line":45},"7":{"name":"(anonymous_7)","decl":{"start":{"line":51,"column":25},"end":{"line":51,"column":26}},"loc":{"start":{"line":51,"column":31},"end":{"line":56,"column":5}},"line":51},"8":{"name":"(anonymous_8)","decl":{"start":{"line":54,"column":27},"end":{"line":54,"column":28}},"loc":{"start":{"line":54,"column":38},"end":{"line":54,"column":66}},"line":54},"9":{"name":"(anonymous_9)","decl":{"start":{"line":59,"column":37},"end":{"line":59,"column":38}},"loc":{"start":{"line":59,"column":48},"end":{"line":67,"column":3}},"line":59},"10":{"name":"(anonymous_10)","decl":{"start":{"line":69,"column":35},"end":{"line":69,"column":36}},"loc":{"start":{"line":69,"column":46},"end":{"line":71,"column":3}},"line":69},"11":{"name":"(anonymous_11)","decl":{"start":{"line":73,"column":36},"end":{"line":73,"column":37}},"loc":{"start":{"line":73,"column":57},"end":{"line":82,"column":3}},"line":73},"12":{"name":"(anonymous_12)","decl":{"start":{"line":75,"column":26},"end":{"line":75,"column":27}},"loc":{"start":{"line":75,"column":36},"end":{"line":80,"column":7}},"line":75},"13":{"name":"(anonymous_13)","decl":{"start":{"line":84,"column":36},"end":{"line":84,"column":37}},"loc":{"start":{"line":84,"column":42},"end":{"line":89,"column":3}},"line":84},"14":{"name":"(anonymous_14)","decl":{"start":{"line":85,"column":33},"end":{"line":85,"column":34}},"loc":{"start":{"line":85,"column":50},"end":{"line":88,"column":5}},"line":85},"15":{"name":"(anonymous_15)","decl":{"start":{"line":91,"column":31},"end":{"line":91,"column":32}},"loc":{"start":{"line":91,"column":37},"end":{"line":102,"column":3}},"line":91},"16":{"name":"(anonymous_16)","decl":{"start":{"line":93,"column":30},"end":{"line":93,"column":31}},"loc":{"start":{"line":93,"column":47},"end":{"line":98,"column":7}},"line":93},"17":{"name":"(anonymous_17)","decl":{"start":{"line":106,"column":11},"end":{"line":106,"column":12}},"loc":{"start":{"line":106,"column":21},"end":{"line":106,"column":34}},"line":106},"18":{"name":"(anonymous_18)","decl":{"start":{"line":109,"column":33},"end":{"line":109,"column":34}},"loc":{"start":{"line":109,"column":45},"end":{"line":155,"column":3}},"line":109},"19":{"name":"(anonymous_19)","decl":{"start":{"line":136,"column":41},"end":{"line":136,"column":42}},"loc":{"start":{"line":136,"column":52},"end":{"line":141,"column":9}},"line":136},"20":{"name":"(anonymous_20)","decl":{"start":{"line":158,"column":31},"end":{"line":158,"column":32}},"loc":{"start":{"line":158,"column":49},"end":{"line":176,"column":3}},"line":158},"21":{"name":"(anonymous_21)","decl":{"start":{"line":163,"column":50},"end":{"line":163,"column":51}},"loc":{"start":{"line":163,"column":60},"end":{"line":163,"column":78}},"line":163},"22":{"name":"(anonymous_22)","decl":{"start":{"line":168,"column":10},"end":{"line":168,"column":11}},"loc":{"start":{"line":168,"column":20},"end":{"line":168,"column":43}},"line":168},"23":{"name":"(anonymous_23)","decl":{"start":{"line":171,"column":48},"end":{"line":171,"column":49}},"loc":{"start":{"line":171,"column":58},"end":{"line":171,"column":76}},"line":171},"24":{"name":"(anonymous_24)","decl":{"start":{"line":252,"column":38},"end":{"line":252,"column":39}},"loc":{"start":{"line":253,"column":20},"end":{"line":259,"column":26}},"line":253},"25":{"name":"(anonymous_25)","decl":{"start":{"line":275,"column":30},"end":{"line":275,"column":31}},"loc":{"start":{"line":276,"column":12},"end":{"line":295,"column":18}},"line":276},"26":{"name":"(anonymous_26)","decl":{"start":{"line":287,"column":27},"end":{"line":287,"column":28}},"loc":{"start":{"line":287,"column":33},"end":{"line":287,"column":62}},"line":287}},"branchMap":{"0":{"loc":{"start":{"line":23,"column":6},"end":{"line":48,"column":7}},"type":"if","locations":[{"start":{"line":23,"column":6},"end":{"line":48,"column":7}},{"start":{"line":30,"column":13},"end":{"line":48,"column":7}}],"line":23},"1":{"loc":{"start":{"line":32,"column":26},"end":{"line":32,"column":77}},"type":"binary-expr","locations":[{"start":{"line":32,"column":26},"end":{"line":32,"column":71}},{"start":{"line":32,"column":75},"end":{"line":32,"column":77}}],"line":32},"2":{"loc":{"start":{"line":62,"column":4},"end":{"line":66,"column":5}},"type":"if","locations":[{"start":{"line":62,"column":4},"end":{"line":66,"column":5}},{"start":{"line":64,"column":11},"end":{"line":66,"column":5}}],"line":62},"3":{"loc":{"start":{"line":64,"column":11},"end":{"line":66,"column":5}},"type":"if","locations":[{"start":{"line":64,"column":11},"end":{"line":66,"column":5}},{"start":{},"end":{}}],"line":64},"4":{"loc":{"start":{"line":76,"column":8},"end":{"line":78,"column":9}},"type":"if","locations":[{"start":{"line":76,"column":8},"end":{"line":78,"column":9}},{"start":{},"end":{}}],"line":76},"5":{"loc":{"start":{"line":86,"column":20},"end":{"line":86,"column":78}},"type":"cond-expr","locations":[{"start":{"line":86,"column":52},"end":{"line":86,"column":53}},{"start":{"line":86,"column":56},"end":{"line":86,"column":78}}],"line":86},"6":{"loc":{"start":{"line":92,"column":4},"end":{"line":101,"column":5}},"type":"if","locations":[{"start":{"line":92,"column":4},"end":{"line":101,"column":5}},{"start":{"line":99,"column":11},"end":{"line":101,"column":5}}],"line":92},"7":{"loc":{"start":{"line":94,"column":22},"end":{"line":96,"column":34}},"type":"cond-expr","locations":[{"start":{"line":95,"column":12},"end":{"line":95,"column":13}},{"start":{"line":96,"column":12},"end":{"line":96,"column":34}}],"line":94},"8":{"loc":{"start":{"line":105,"column":4},"end":{"line":105,"column":73}},"type":"cond-expr","locations":[{"start":{"line":105,"column":47},"end":{"line":105,"column":56}},{"start":{"line":105,"column":59},"end":{"line":105,"column":73}}],"line":105},"9":{"loc":{"start":{"line":114,"column":4},"end":{"line":153,"column":5}},"type":"if","locations":[{"start":{"line":114,"column":4},"end":{"line":153,"column":5}},{"start":{"line":116,"column":11},"end":{"line":153,"column":5}}],"line":114},"10":{"loc":{"start":{"line":130,"column":8},"end":{"line":132,"column":9}},"type":"if","locations":[{"start":{"line":130,"column":8},"end":{"line":132,"column":9}},{"start":{},"end":{}}],"line":130},"11":{"loc":{"start":{"line":160,"column":6},"end":{"line":172,"column":7}},"type":"if","locations":[{"start":{"line":160,"column":6},"end":{"line":172,"column":7}},{"start":{"line":165,"column":13},"end":{"line":172,"column":7}}],"line":160},"12":{"loc":{"start":{"line":166,"column":26},"end":{"line":166,"column":77}},"type":"binary-expr","locations":[{"start":{"line":166,"column":26},"end":{"line":166,"column":71}},{"start":{"line":166,"column":75},"end":{"line":166,"column":77}}],"line":166},"13":{"loc":{"start":{"line":204,"column":11},"end":{"line":217,"column":11}},"type":"binary-expr","locations":[{"start":{"line":204,"column":11},"end":{"line":204,"column":40}},{"start":{"line":205,"column":12},"end":{"line":216,"column":18}}],"line":204},"14":{"loc":{"start":{"line":219,"column":11},"end":{"line":264,"column":11}},"type":"binary-expr","locations":[{"start":{"line":219,"column":11},"end":{"line":219,"column":38}},{"start":{"line":220,"column":12},"end":{"line":263,"column":18}}],"line":219},"15":{"loc":{"start":{"line":242,"column":15},"end":{"line":247,"column":15}},"type":"binary-expr","locations":[{"start":{"line":242,"column":15},"end":{"line":242,"column":40}},{"start":{"line":243,"column":16},"end":{"line":246,"column":22}}],"line":242},"16":{"loc":{"start":{"line":249,"column":15},"end":{"line":262,"column":15}},"type":"binary-expr","locations":[{"start":{"line":249,"column":15},"end":{"line":249,"column":42}},{"start":{"line":250,"column":16},"end":{"line":261,"column":22}}],"line":249}},"s":{"0":0,"1":0,"2":0,"3":0,"4":0,"5":0,"6":0,"7":0,"8":0,"9":0,"10":0,"11":0,"12":0,"13":0,"14":0,"15":0,"16":0,"17":0,"18":0,"19":0,"20":0,"21":0,"22":0,"23":0,"24":0,"25":0,"26":0,"27":0,"28":0,"29":0,"30":0,"31":0,"32":0,"33":0,"34":0,"35":0,"36":0,"37":0,"38":0,"39":0,"40":0,"41":0,"42":0,"43":0,"44":0,"45":0,"46":0,"47":0,"48":0,"49":0,"50":0,"51":0,"52":0,"53":0,"54":0,"55":0,"56":0,"57":0,"58":0,"59":0,"60":0,"61":0,"62":0,"63":0,"64":0,"65":0,"66":0,"67":0,"68":0,"69":0,"70":0,"71":0,"72":0,"73":0,"74":0,"75":0,"76":0,"77":0,"78":0,"79":0,"80":0,"81":0,"82":0,"83":0,"84":0,"85":0,"86":0,"87":0,"88":0,"89":0},"f":{"0":0,"1":0,"2":0,"3":0,"4":0,"5":0,"6":0,"7":0,"8":0,"9":0,"10":0,"11":0,"12":0,"13":0,"14":0,"15":0,"16":0,"17":0,"18":0,"19":0,"20":0,"21":0,"22":0,"23":0,"24":0,"25":0,"26":0},"b":{"0":[0,0],"1":[0,0],"2":[0,0],"3":[0,0],"4":[0,0],"5":[0,0],"6":[0,0],"7":[0,0],"8":[0,0],"9":[0,0],"10":[0,0],"11":[0,0],"12":[0,0],"13":[0,0],"14":[0,0],"15":[0,0],"16":[0,0]}}
,"C:\\Users\\Anna\\OneDrive\\Desktop\\E-COMMERCE\\aurora\\Frontend\\src\\components\\cart\\success.jsx": {"path":"C:\\Users\\Anna\\OneDrive\\Desktop\\E-COMMERCE\\aurora\\Frontend\\src\\components\\cart\\success.jsx","statementMap":{"0":{"start":{"line":3,"column":16},"end":{"line":80,"column":1}},"1":{"start":{"line":4,"column":30},"end":{"line":4,"column":43}},"2":{"start":{"line":7,"column":22},"end":{"line":61,"column":8}},"3":{"start":{"line":8,"column":17},"end":{"line":8,"column":57}},"4":{"start":{"line":9,"column":19},"end":{"line":9,"column":40}},"5":{"start":{"line":10,"column":22},"end":{"line":10,"column":67}},"6":{"start":{"line":12,"column":4},"end":{"line":60,"column":5}},"7":{"start":{"line":14,"column":6},"end":{"line":57,"column":7}},"8":{"start":{"line":15,"column":24},"end":{"line":15,"column":62}},"9":{"start":{"line":15,"column":54},"end":{"line":15,"column":61}},"10":{"start":{"line":17,"column":25},"end":{"line":30,"column":9}},"11":{"start":{"line":32,"column":8},"end":{"line":34,"column":9}},"12":{"start":{"line":33,"column":10},"end":{"line":33,"column":68}},"13":{"start":{"line":37,"column":8},"end":{"line":37,"column":45}},"14":{"start":{"line":39,"column":34},"end":{"line":48,"column":9}},"15":{"start":{"line":50,"column":8},"end":{"line":52,"column":9}},"16":{"start":{"line":51,"column":10},"end":{"line":51,"column":77}},"17":{"start":{"line":54,"column":8},"end":{"line":54,"column":49}},"18":{"start":{"line":56,"column":8},"end":{"line":56,"column":54}},"19":{"start":{"line":59,"column":6},"end":{"line":59,"column":48}},"20":{"start":{"line":63,"column":2},"end":{"line":68,"column":20}},"21":{"start":{"line":64,"column":4},"end":{"line":67,"column":5}},"22":{"start":{"line":65,"column":6},"end":{"line":65,"column":20}},"23":{"start":{"line":66,"column":6},"end":{"line":66,"column":39}},"24":{"start":{"line":70,"column":2},"end":{"line":79,"column":4}}},"fnMap":{"0":{"name":"(anonymous_0)","decl":{"start":{"line":3,"column":16},"end":{"line":3,"column":17}},"loc":{"start":{"line":3,"column":22},"end":{"line":80,"column":1}},"line":3},"1":{"name":"(anonymous_1)","decl":{"start":{"line":7,"column":34},"end":{"line":7,"column":35}},"loc":{"start":{"line":7,"column":46},"end":{"line":61,"column":3}},"line":7},"2":{"name":"(anonymous_2)","decl":{"start":{"line":15,"column":44},"end":{"line":15,"column":45}},"loc":{"start":{"line":15,"column":54},"end":{"line":15,"column":61}},"line":15},"3":{"name":"(anonymous_3)","decl":{"start":{"line":63,"column":12},"end":{"line":63,"column":13}},"loc":{"start":{"line":63,"column":18},"end":{"line":68,"column":3}},"line":63}},"branchMap":{"0":{"loc":{"start":{"line":9,"column":19},"end":{"line":9,"column":40}},"type":"cond-expr","locations":[{"start":{"line":9,"column":26},"end":{"line":9,"column":33}},{"start":{"line":9,"column":36},"end":{"line":9,"column":40}}],"line":9},"1":{"loc":{"start":{"line":12,"column":4},"end":{"line":60,"column":5}},"type":"if","locations":[{"start":{"line":12,"column":4},"end":{"line":60,"column":5}},{"start":{"line":58,"column":11},"end":{"line":60,"column":5}}],"line":12},"2":{"loc":{"start":{"line":12,"column":8},"end":{"line":12,"column":59}},"type":"binary-expr","locations":[{"start":{"line":12,"column":8},"end":{"line":12,"column":12}},{"start":{"line":12,"column":16},"end":{"line":12,"column":25}},{"start":{"line":12,"column":29},"end":{"line":12,"column":59}}],"line":12},"3":{"loc":{"start":{"line":32,"column":8},"end":{"line":34,"column":9}},"type":"if","locations":[{"start":{"line":32,"column":8},"end":{"line":34,"column":9}},{"start":{},"end":{}}],"line":32},"4":{"loc":{"start":{"line":50,"column":8},"end":{"line":52,"column":9}},"type":"if","locations":[{"start":{"line":50,"column":8},"end":{"line":52,"column":9}},{"start":{},"end":{}}],"line":50},"5":{"loc":{"start":{"line":64,"column":4},"end":{"line":67,"column":5}},"type":"if","locations":[{"start":{"line":64,"column":4},"end":{"line":67,"column":5}},{"start":{},"end":{}}],"line":64}},"s":{"0":0,"1":0,"2":0,"3":0,"4":0,"5":0,"6":0,"7":0,"8":0,"9":0,"10":0,"11":0,"12":0,"13":0,"14":0,"15":0,"16":0,"17":0,"18":0,"19":0,"20":0,"21":0,"22":0,"23":0,"24":0},"f":{"0":0,"1":0,"2":0,"3":0},"b":{"0":[0,0],"1":[0,0],"2":[0,0,0],"3":[0,0],"4":[0,0],"5":[0,0]}}
[...]
,"C:\\Users\\Anna\\OneDrive\\Desktop\\E-COMMERCE\\aurora\\Frontend\\src\\components\\user registration\\userRegister.jsx": {"path":"C:\\Users\\Anna\\OneDrive\\Desktop\\E-COMMERCE\\aurora\\Frontend\\src\\components\\user registration\\userRegister.jsx","statementMap":{"0":{"start":{"line":7,"column":2},"end":{"line":12,"column":5}},"1":{"start":{"line":15,"column":17},"end":{"line":21,"column":1}},"2":{"start":{"line":16,"column":2},"end":{"line":20,"column":3}},"3":{"start":{"line":17,"column":4},"end":{"line":17,"column":16}},"4":{"start":{"line":19,"column":4},"end":{"line":19,"column":17}},"5":{"start":{"line":24,"column":19},"end":{"line":38,"column":1}},"6":{"start":{"line":25,"column":21},"end":{"line":25,"column":43}},"7":{"start":{"line":26,"column":23},"end":{"line":26,"column":39}},"8":{"start":{"line":27,"column":34},"end":{"line":27,"column":73}},"9":{"start":{"line":28,"column":2},"end":{"line":37,"column":3}},"10":{"start":{"line":34,"column":4},"end":{"line":34,"column":16}},"11":{"start":{"line":36,"column":4},"end":{"line":36,"column":17}},"12":{"start":{"line":41,"column":21},"end":{"line":41,"column":43}},"13":{"start":{"line":42,"column":21},"end":{"line":42,"column":40}},"14":{"start":{"line":43,"column":2},"end":{"line":47,"column":3}},"15":{"start":{"line":44,"column":4},"end":{"line":44,"column":16}},"16":{"start":{"line":46,"column":4},"end":{"line":46,"column":17}},"17":{"start":{"line":50,"column":21},"end":{"line":163,"column":1}},"18":{"start":{"line":51,"column":34},"end":{"line":51,"column":46}},"19":{"start":{"line":52,"column":28},"end":{"line":52,"column":40}},"20":{"start":{"line":53,"column":34},"end":{"line":53,"column":46}},"21":{"start":{"line":54,"column":38},"end":{"line":54,"column":53}},"22":{"start":{"line":55,"column":32},"end":{"line":55,"column":44}},"23":{"start":{"line":56,"column":18},"end":{"line":56,"column":58}},"24":{"start":{"line":59,"column":21},"end":{"line":59,"column":35}},"25":{"start":{"line":60,"column":4},"end":{"line":60,"column":23}},"26":{"start":{"line":64,"column":24},"end":{"line":64,"column":38}},"27":{"start":{"line":65,"column":4},"end":{"line":65,"column":29}},"28":{"start":{"line":69,"column":24},"end":{"line":69,"column":38}},"29":{"start":{"line":70,"column":4},"end":{"line":70,"column":29}},"30":{"start":{"line":73,"column":25},"end":{"line":109,"column":3}},"31":{"start":{"line":74,"column":4},"end":{"line":74,"column":23}},"32":{"start":{"line":75,"column":4},"end":{"line":75,"column":19}},"33":{"start":{"line":76,"column":4},"end":{"line":76,"column":25}},"34":{"start":{"line":79,"column":4},"end":{"line":91,"column":5}},"35":{"start":{"line":80,"column":6},"end":{"line":80,"column":37}},"36":{"start":{"line":81,"column":6},"end":{"line":81,"column":27}},"37":{"start":{"line":82,"column":6},"end":{"line":82,"column":13}},"38":{"start":{"line":83,"column":11},"end":{"line":91,"column":5}},"39":{"start":{"line":84,"column":6},"end":{"line":84,"column":34}},"40":{"start":{"line":85,"column":6},"end":{"line":85,"column":27}},"41":{"start":{"line":86,"column":6},"end":{"line":86,"column":13}},"42":{"start":{"line":87,"column":11},"end":{"line":91,"column":5}},"43":{"start":{"line":88,"column":6},"end":{"line":88,"column":37}},"44":{"start":{"line":89,"column":6},"end":{"line":89,"column":27}},"45":{"start":{"line":90,"column":6},"end":{"line":90,"column":13}},"46":{"start":{"line":94,"column":4},"end":{"line":108,"column":9}},"47":{"start":{"line":97,"column":8},"end":{"line":97,"column":42}},"48":{"start":{"line":98,"column":8},"end":{"line":98,"column":28}},"49":{"start":{"line":102,"column":8},"end":{"line":106,"column":9}},"50":{"start":{"line":103,"column":10},"end":{"line":103,"column":50}},"51":{"start":{"line":105,"column":10},"end":{"line":105,"column":39}},"52":{"start":{"line":107,"column":8},"end":{"line":107,"column":29}},"53":{"start":{"line":111,"column":2},"end":{"line":162,"column":4}}},"fnMap":{"0":{"name":"register","decl":{"start":{"line":6,"column":9},"end":{"line":6,"column":17}},"loc":{"start":{"line":6,"column":52},"end":{"line":13,"column":1}},"line":6},"1":{"name":"(anonymous_1)","decl":{"start":{"line":15,"column":17},"end":{"line":15,"column":18}},"loc":{"start":{"line":15,"column":28},"end":{"line":21,"column":1}},"line":15},"2":{"name":"(anonymous_2)","decl":{"start":{"line":24,"column":19},"end":{"line":24,"column":20}},"loc":{"start":{"line":24,"column":30},"end":{"line":38,"column":1}},"line":24},"3":{"name":"valid_password","decl":{"start":{"line":40,"column":9},"end":{"line":40,"column":23}},"loc":{"start":{"line":40,"column":31},"end":{"line":48,"column":1}},"line":40},"4":{"name":"(anonymous_4)","decl":{"start":{"line":50,"column":21},"end":{"line":50,"column":22}},"loc":{"start":{"line":50,"column":37},"end":{"line":163,"column":1}},"line":50},"5":{"name":"updateEmail","decl":{"start":{"line":58,"column":11},"end":{"line":58,"column":22}},"loc":{"start":{"line":58,"column":26},"end":{"line":61,"column":3}},"line":58},"6":{"name":"updateUsername","decl":{"start":{"line":63,"column":11},"end":{"line":63,"column":25}},"loc":{"start":{"line":63,"column":29},"end":{"line":66,"column":3}},"line":63},"7":{"name":"updatePassword","decl":{"start":{"line":68,"column":11},"end":{"line":68,"column":25}},"loc":{"start":{"line":68,"column":29},"end":{"line":71,"column":3}},"line":68},"8":{"name":"(anonymous_8)","decl":{"start":{"line":73,"column":25},"end":{"line":73,"column":26}},"loc":{"start":{"line":73,"column":32},"end":{"line":109,"column":3}},"line":73},"9":{"name":"(anonymous_9)","decl":{"start":{"line":95,"column":12},"end":{"line":95,"column":13}},"loc":{"start":{"line":95,"column":26},"end":{"line":99,"column":7}},"line":95},"10":{"name":"(anonymous_10)","decl":{"start":{"line":100,"column":13},"end":{"line":100,"column":14}},"loc":{"start":{"line":100,"column":24},"end":{"line":108,"column":7}},"line":100}},"branchMap":{"0":{"loc":{"start":{"line":16,"column":2},"end":{"line":20,"column":3}},"type":"if","locations":[{"start":{"line":16,"column":2},"end":{"line":20,"column":3}},{"start":{"line":18,"column":9},"end":{"line":20,"column":3}}],"line":16},"1":{"loc":{"start":{"line":28,"column":2},"end":{"line":37,"column":3}},"type":"if","locations":[{"start":{"line":28,"column":2},"end":{"line":37,"column":3}},{"start":{"line":35,"column":9},"end":{"line":37,"column":3}}],"line":28},"2":{"loc":{"start":{"line":29,"column":4},"end":{"line":32,"column":47}},"type":"binary-expr","locations":[{"start":{"line":29,"column":4},"end":{"line":29,"column":20}},{"start":{"line":30,"column":4},"end":{"line":30,"column":21}},{"start":{"line":31,"column":4},"end":{"line":31,"column":15}},{"start":{"line":32,"column":5},"end":{"line":32,"column":18}},{"start":{"line":32,"column":22},"end":{"line":32,"column":46}}],"line":29},"3":{"loc":{"start":{"line":43,"column":2},"end":{"line":47,"column":3}},"type":"if","locations":[{"start":{"line":43,"column":2},"end":{"line":47,"column":3}},{"start":{"line":45,"column":9},"end":{"line":47,"column":3}}],"line":43},"4":{"loc":{"start":{"line":43,"column":6},"end":{"line":43,"column":73}},"type":"binary-expr","locations":[{"start":{"line":43,"column":6},"end":{"line":43,"column":22}},{"start":{"line":43,"column":26},"end":{"line":43,"column":43}},{"start":{"line":43,"column":47},"end":{"line":43,"column":58}},{"start":{"line":43,"column":62},"end":{"line":43,"column":73}}],"line":43},"5":{"loc":{"start":{"line":56,"column":27},"end":{"line":56,"column":57}},"type":"cond-expr","locations":[{"start":{"line":56,"column":36},"end":{"line":56,"column":46}},{"start":{"line":56,"column":49},"end":{"line":56,"column":57}}],"line":56},"6":{"loc":{"start":{"line":79,"column":4},"end":{"line":91,"column":5}},"type":"if","locations":[{"start":{"line":79,"column":4},"end":{"line":91,"column":5}},{"start":{"line":83,"column":11},"end":{"line":91,"column":5}}],"line":79},"7":{"loc":{"start":{"line":83,"column":11},"end":{"line":91,"column":5}},"type":"if","locations":[{"start":{"line":83,"column":11},"end":{"line":91,"column":5}},{"start":{"line":87,"column":11},"end":{"line":91,"column":5}}],"line":83},"8":{"loc":{"start":{"line":87,"column":11},"end":{"line":91,"column":5}},"type":"if","locations":[{"start":{"line":87,"column":11},"end":{"line":91,"column":5}},{"start":{},"end":{}}],"line":87},"9":{"loc":{"start":{"line":102,"column":8},"end":{"line":106,"column":9}},"type":"if","locations":[{"start":{"line":102,"column":8},"end":{"line":106,"column":9}},{"start":{"line":104,"column":15},"end":{"line":106,"column":9}}],"line":102},"10":{"loc":{"start":{"line":118,"column":11},"end":{"line":157,"column":11}},"type":"binary-expr","locations":[{"start":{"line":118,"column":11},"end":{"line":118,"column":22}},{"start":{"line":119,"column":12},"end":{"line":156,"column":18}}],"line":118},"11":{"loc":{"start":{"line":158,"column":11},"end":{"line":158,"column":60}},"type":"binary-expr","locations":[{"start":{"line":158,"column":11},"end":{"line":158,"column":18}},{"start":{"line":158,"column":22},"end":{"line":158,"column":60}}],"line":158}},"s":{"0":0,"1":0,"2":0,"3":0,"4":0,"5":0,"6":0,"7":0,"8":0,"9":0,"10":0,"11":0,"12":0,"13":0,"14":0,"15":0,"16":0,"17":0,"18":0,"19":0,"20":0,"21":0,"22":0,"23":0,"24":0,"25":0,"26":0,"27":0,"28":0,"29":0,"30":0,"31":0,"32":0,"33":0,"34":0,"35":0,"36":0,"37":0,"38":0,"39":0,"40":0,"41":0,"42":0,"43":0,"44":0,"45":0,"46":0,"47":0,"48":0,"49":0,"50":0,"51":0,"52":0,"53":0},"f":{"0":0,"1":0,"2":0,"3":0,"4":0,"5":0,"6":0,"7":0,"8":0,"9":0,"10":0},"b":{"0":[0,0],"1":[0,0],"2":[0,0,0,0,0],"3":[0,0],"4":[0,0,0,0],"5":[0,0],"6":[0,0],"7":[0,0],"8":[0,0],"9":[0,0],"10":[0,0],"11":[0,0]}}
,"C:\\Users\\Anna\\OneDrive\\Desktop\\E-COMMERCE\\aurora\\Frontend\\src\\services\\cart.service.js": {"path":"C:\\Users\\Anna\\OneDrive\\Desktop\\E-COMMERCE\\aurora\\Frontend\\src\\services\\cart.service.js","statementMap":{"0":{"start":{"line":5,"column":15},"end":{"line":5,"column":55}},"1":{"start":{"line":8,"column":2},"end":{"line":17,"column":3}},"2":{"start":{"line":12,"column":4},"end":{"line":12,"column":50}},"3":{"start":{"line":16,"column":4},"end":{"line":16,"column":14}},"4":{"start":{"line":22,"column":4},"end":{"line":22,"column":52}},"5":{"start":{"line":26,"column":16},"end":{"line":26,"column":52}},"6":{"start":{"line":27,"column":20},"end":{"line":27,"column":58}},"7":{"start":{"line":28,"column":21},"end":{"line":28,"column":68}},"8":{"start":{"line":29,"column":4},"end":{"line":29,"column":48}},"9":{"start":{"line":31,"column":4},"end":{"line":31,"column":25}},"10":{"start":{"line":35,"column":16},"end":{"line":35,"column":50}},"11":{"start":{"line":36,"column":20},"end":{"line":36,"column":58}},"12":{"start":{"line":37,"column":21},"end":{"line":37,"column":68}},"13":{"start":{"line":38,"column":4},"end":{"line":38,"column":25}},"14":{"start":{"line":42,"column":16},"end":{"line":42,"column":50}},"15":{"start":{"line":43,"column":20},"end":{"line":43,"column":58}},"16":{"start":{"line":44,"column":21},"end":{"line":44,"column":68}},"17":{"start":{"line":45,"column":4},"end":{"line":45,"column":25}},"18":{"start":{"line":49,"column":20},"end":{"line":49,"column":37}}},"fnMap":{"0":{"name":"getAccessTokenHeaderFromLocalStorage","decl":{"start":{"line":3,"column":9},"end":{"line":3,"column":45}},"loc":{"start":{"line":3,"column":48},"end":{"line":18,"column":1}},"line":3},"1":{"name":"(anonymous_1)","decl":{"start":{"line":21,"column":2},"end":{"line":21,"column":3}},"loc":{"start":{"line":21,"column":16},"end":{"line":23,"column":3}},"line":21},"2":{"name":"(anonymous_2)","decl":{"start":{"line":25,"column":2},"end":{"line":25,"column":3}},"loc":{"start":{"line":25,"column":24},"end":{"line":32,"column":3}},"line":25},"3":{"name":"(anonymous_3)","decl":{"start":{"line":34,"column":2},"end":{"line":34,"column":3}},"loc":{"start":{"line":34,"column":29},"end":{"line":39,"column":3}},"line":34},"4":{"name":"(anonymous_4)","decl":{"start":{"line":41,"column":2},"end":{"line":41,"column":3}},"loc":{"start":{"line":41,"column":31},"end":{"line":46,"column":3}},"line":41}},"branchMap":{"0":{"loc":{"start":{"line":8,"column":2},"end":{"line":17,"column":3}},"type":"if","locations":[{"start":{"line":8,"column":2},"end":{"line":17,"column":3}},{"start":{"line":13,"column":9},"end":{"line":17,"column":3}}],"line":8},"1":{"loc":{"start":{"line":8,"column":6},"end":{"line":8,"column":30}},"type":"binary-expr","locations":[{"start":{"line":8,"column":6},"end":{"line":8,"column":10}},{"start":{"line":8,"column":14},"end":{"line":8,"column":30}}],"line":8}},"s":{"0":0,"1":0,"2":0,"3":0,"4":0,"5":0,"6":0,"7":0,"8":0,"9":0,"10":0,"11":0,"12":0,"13":0,"14":0,"15":0,"16":0,"17":0,"18":0},"f":{"0":0,"1":0,"2":0,"3":0,"4":0},"b":{"0":[0,0],"1":[0,0]}}
,"C:\\Users\\Anna\\OneDrive\\Desktop\\E-COMMERCE\\aurora\\Frontend\\src\\services\\post.service.js": {"path":"C:\\Users\\Anna\\OneDrive\\Desktop\\E-COMMERCE\\aurora\\Frontend\\src\\services\\post.service.js","statementMap":{"0":{"start":{"line":5,"column":8},"end":{"line":5,"column":60}},"1":{"start":{"line":8,"column":8},"end":{"line":8,"column":81}},"2":{"start":{"line":11,"column":8},"end":{"line":11,"column":80}},"3":{"start":{"line":14,"column":8},"end":{"line":14,"column":79}},"4":{"start":{"line":17,"column":8},"end":{"line":17,"column":87}},"5":{"start":{"line":20,"column":8},"end":{"line":20,"column":77}},"6":{"start":{"line":23,"column":8},"end":{"line":23,"column":76}},"7":{"start":{"line":26,"column":8},"end":{"line":26,"column":81}},"8":{"start":{"line":30,"column":20},"end":{"line":30,"column":37}}},"fnMap":{"0":{"name":"(anonymous_0)","decl":{"start":{"line":4,"column":4},"end":{"line":4,"column":5}},"loc":{"start":{"line":4,"column":18},"end":{"line":6,"column":5}},"line":4},"1":{"name":"(anonymous_1)","decl":{"start":{"line":7,"column":4},"end":{"line":7,"column":5}},"loc":{"start":{"line":7,"column":18},"end":{"line":9,"column":5}},"line":7},"2":{"name":"(anonymous_2)","decl":{"start":{"line":10,"column":4},"end":{"line":10,"column":5}},"loc":{"start":{"line":10,"column":16},"end":{"line":12,"column":5}},"line":10},"3":{"name":"(anonymous_3)","decl":{"start":{"line":13,"column":4},"end":{"line":13,"column":5}},"loc":{"start":{"line":13,"column":16},"end":{"line":15,"column":5}},"line":13},"4":{"name":"(anonymous_4)","decl":{"start":{"line":16,"column":4},"end":{"line":16,"column":5}},"loc":{"start":{"line":16,"column":13},"end":{"line":18,"column":5}},"line":16},"5":{"name":"(anonymous_5)","decl":{"start":{"line":19,"column":4},"end":{"line":19,"column":5}},"loc":{"start":{"line":19,"column":14},"end":{"line":21,"column":5}},"line":19},"6":{"name":"(anonymous_6)","decl":{"start":{"line":22,"column":4},"end":{"line":22,"column":5}},"loc":{"start":{"line":22,"column":13},"end":{"line":24,"column":5}},"line":22},"7":{"name":"(anonymous_7)","decl":{"start":{"line":25,"column":4},"end":{"line":25,"column":5}},"loc":{"start":{"line":25,"column":18},"end":{"line":27,"column":5}},"line":25}},"branchMap":{},"s":{"0":0,"1":0,"2":0,"3":0,"4":0,"5":0,"6":0,"7":0,"8":0},"f":{"0":0,"1":0,"2":0,"3":0,"4":0,"5":0,"6":0,"7":0},"b":{}}
,"C:\\Users\\Anna\\OneDrive\\Desktop\\E-COMMERCE\\aurora\\Frontend\\src\\services\\product.service.js": {"path":"C:\\Users\\Anna\\OneDrive\\Desktop\\E-COMMERCE\\aurora\\Frontend\\src\\services\\product.service.js","statementMap":{"0":{"start":{"line":5,"column":4},"end":{"line":5,"column":59}},"1":{"start":{"line":9,"column":4},"end":{"line":9,"column":77}},"2":{"start":{"line":13,"column":4},"end":{"line":13,"column":74}},"3":{"start":{"line":16,"column":4},"end":{"line":22,"column":5}},"4":{"start":{"line":17,"column":23},"end":{"line":17,"column":82}},"5":{"start":{"line":18,"column":6},"end":{"line":18,"column":27}},"6":{"start":{"line":20,"column":6},"end":{"line":20,"column":25}},"7":{"start":{"line":21,"column":6},"end":{"line":21,"column":18}},"8":{"start":{"line":26,"column":23},"end":{"line":26,"column":43}}},"fnMap":{"0":{"name":"(anonymous_0)","decl":{"start":{"line":4,"column":2},"end":{"line":4,"column":3}},"loc":{"start":{"line":4,"column":19},"end":{"line":7,"column":3}},"line":4},"1":{"name":"(anonymous_1)","decl":{"start":{"line":8,"column":2},"end":{"line":8,"column":3}},"loc":{"start":{"line":8,"column":28},"end":{"line":11,"column":3}},"line":8},"2":{"name":"(anonymous_2)","decl":{"start":{"line":12,"column":2},"end":{"line":12,"column":3}},"loc":{"start":{"line":12,"column":27},"end":{"line":14,"column":3}},"line":12},"3":{"name":"(anonymous_3)","decl":{"start":{"line":15,"column":2},"end":{"line":15,"column":3}},"loc":{"start":{"line":15,"column":27},"end":{"line":23,"column":3}},"line":15}},"branchMap":{},"s":{"0":0,"1":0,"2":0,"3":0,"4":0,"5":0,"6":0,"7":0,"8":0},"f":{"0":0,"1":0,"2":0,"3":0},"b":{}}
,"C:\\Users\\Anna\\OneDrive\\Desktop\\E-COMMERCE\\aurora\\Frontend\\src\\services\\user.service.js": {"path":"C:\\Users\\Anna\\OneDrive\\Desktop\\E-COMMERCE\\aurora\\Frontend\\src\\services\\user.service.js","statementMap":{"0":{"start":{"line":5,"column":4},"end":{"line":5,"column":47}},"1":{"start":{"line":10,"column":17},"end":{"line":10,"column":57}},"2":{"start":{"line":13,"column":4},"end":{"line":22,"column":5}},"3":{"start":{"line":17,"column":6},"end":{"line":17,"column":52}},"4":{"start":{"line":21,"column":6},"end":{"line":21,"column":16}},"5":{"start":{"line":26,"column":16},"end":{"line":26,"column":38}},"6":{"start":{"line":27,"column":21},"end":{"line":27,"column":99}},"7":{"start":{"line":28,"column":4},"end":{"line":28,"column":25}},"8":{"start":{"line":32,"column":16},"end":{"line":32,"column":40}},"9":{"start":{"line":33,"column":21},"end":{"line":33,"column":99}},"10":{"start":{"line":34,"column":4},"end":{"line":34,"column":25}},"11":{"start":{"line":38,"column":16},"end":{"line":38,"column":39}},"12":{"start":{"line":39,"column":21},"end":{"line":39,"column":99}},"13":{"start":{"line":40,"column":4},"end":{"line":40,"column":25}},"14":{"start":{"line":44,"column":20},"end":{"line":44,"column":37}}},"fnMap":{"0":{"name":"(anonymous_0)","decl":{"start":{"line":4,"column":2},"end":{"line":4,"column":3}},"loc":{"start":{"line":4,"column":16},"end":{"line":6,"column":3}},"line":4},"1":{"name":"(anonymous_1)","decl":{"start":{"line":8,"column":2},"end":{"line":8,"column":3}},"loc":{"start":{"line":8,"column":41},"end":{"line":23,"column":3}},"line":8},"2":{"name":"(anonymous_2)","decl":{"start":{"line":25,"column":2},"end":{"line":25,"column":3}},"loc":{"start":{"line":25,"column":21},"end":{"line":29,"column":3}},"line":25},"3":{"name":"(anonymous_3)","decl":{"start":{"line":31,"column":2},"end":{"line":31,"column":3}},"loc":{"start":{"line":31,"column":23},"end":{"line":35,"column":3}},"line":31},"4":{"name":"(anonymous_4)","decl":{"start":{"line":37,"column":2},"end":{"line":37,"column":3}},"loc":{"start":{"line":37,"column":22},"end":{"line":41,"column":3}},"line":37}},"branchMap":{"0":{"loc":{"start":{"line":13,"column":4},"end":{"line":22,"column":5}},"type":"if","locations":[{"start":{"line":13,"column":4},"end":{"line":22,"column":5}},{"start":{"line":18,"column":11},"end":{"line":22,"column":5}}],"line":13},"1":{"loc":{"start":{"line":13,"column":8},"end":{"line":13,"column":32}},"type":"binary-expr","locations":[{"start":{"line":13,"column":8},"end":{"line":13,"column":12}},{"start":{"line":13,"column":16},"end":{"line":13,"column":32}}],"line":13}},"s":{"0":0,"1":0,"2":0,"3":0,"4":0,"5":0,"6":0,"7":0,"8":0,"9":0,"10":0,"11":0,"12":0,"13":0,"14":0},"f":{"0":0,"1":0,"2":0,"3":0,"4":0},"b":{"0":[0,0],"1":[0,0]}}
}
